<?xml version="1.0" encoding="UTF-8"?>
<testsuite xmlns:xsi="http://www.w3.org/2001/XMLSchema-instance" xsi:noNamespaceSchemaLocation="https://maven.apache.org/surefire/maven-failsafe-plugin/xsd/failsafe-test-report.xsd" version="3.0.2" name="e2e.Adapter.AdapterE2ETest" time="0.425" tests="3" errors="0" skipped="0" failures="1">
  <properties>
[...]
</properties>
  <testcase name="flujoCompletoDePagosDebeEjecutarseSinErrores" classname="e2e.Adapter.AdapterE2ETest" time="0.26">
    <system-out><![CDATA[
Simulación de pagos automáticos iniciada...

=== Procesando pago del cliente: Lucía ===
Método: tarjeta | Monto: $30000.0

Ejecutando método de pago...
Procesando pago con tarjeta de Lucía
Monto: $30000.0 - Tarjeta: ****1111
Transacción aprobada.
Pago exitoso del cliente Lucía

=== Procesando pago del cliente: Carlos ===
Método: efectivo | Monto: $15000.0

Ejecutando método de pago...
Pago en efectivo recibido: $15000.0
Pago completado. Cambio: $0.0 | Transacción #TX-1763140731535
Pago exitoso del cliente Carlos

=== Procesando pago del cliente: Ana ===
Método: transferencia | Monto: $50000.0

Ejecutando método de pago...
Transferencia desde cuenta ACC-Ana a ACC-RESTAURANTE
Monto transferido: $50000.0 | Fecha: Fri Nov 14 12:18:51 COT 2025
Transferencia completada. ID Transacción: TRX-1763140731541
Pago exitoso del cliente Ana

=== Procesando pago del cliente: Pedro ===
Método: efectivo | Monto: $100000.0

Ejecutando método de pago...
Pago en efectivo recibido: $100000.0
Pago completado. Cambio: $0.0 | Transacción #TX-1763140731566
Pago exitoso del cliente Pedro

=== Procesando pago del cliente: María ===
Método: tarjeta | Monto: $40000.0

Ejecutando método de pago...
Procesando pago con tarjeta de María
Monto: $40000.0 - Tarjeta: ****1111
Transacción aprobada.
Pago exitoso del cliente María

HISTORIAL DE PAGOS:
Lucía - TARJETA - $30000,00 → APROBADO 
Carlos - EFECTIVO - $15000,00 → APROBADO 
Ana - TRANSFERENCIA - $50000,00 → APROBADO 
Pedro - EFECTIVO - $100000,00 → APROBADO 
María - TARJETA - $40000,00 → APROBADO 
]]></system-out>
  </testcase>
  <testcase name="multiplesFlujosSecuencialesNoDebenLanzarErrores" classname="e2e.Adapter.AdapterE2ETest" time="0.014">
    <system-out><![CDATA[
Simulación de pagos automáticos iniciada...

=== Procesando pago del cliente: Lucía ===
Método: tarjeta | Monto: $30000.0

Ejecutando método de pago...
Procesando pago con tarjeta de Lucía
Monto: $30000.0 - Tarjeta: ****1111
Transacción aprobada.
Pago exitoso del cliente Lucía

=== Procesando pago del cliente: Carlos ===
Método: efectivo | Monto: $15000.0

Ejecutando método de pago...
Pago en efectivo recibido: $15000.0
Pago completado. Cambio: $0.0 | Transacción #TX-1763140731643
Pago exitoso del cliente Carlos

=== Procesando pago del cliente: Ana ===
Método: transferencia | Monto: $50000.0

Ejecutando método de pago...
Transferencia desde cuenta ACC-Ana a ACC-RESTAURANTE
Monto transferido: $50000.0 | Fecha: Fri Nov 14 12:18:51 COT 2025
Transferencia completada. ID Transacción: TRX-1763140731644
Pago exitoso del cliente Ana

=== Procesando pago del cliente: Pedro ===
Método: efectivo | Monto: $100000.0

Ejecutando método de pago...
Pago en efectivo recibido: $100000.0
Pago completado. Cambio: $0.0 | Transacción #TX-1763140731644
Pago exitoso del cliente Pedro

=== Procesando pago del cliente: María ===
Método: tarjeta | Monto: $40000.0

Ejecutando método de pago...
Procesando pago con tarjeta de María
Monto: $40000.0 - Tarjeta: ****1111
Transacción aprobada.
Pago exitoso del cliente María

HISTORIAL DE PAGOS:
Lucía - TARJETA - $30000,00 → APROBADO 
Carlos - EFECTIVO - $15000,00 → APROBADO 
Ana - TRANSFERENCIA - $50000,00 → APROBADO 
Pedro - EFECTIVO - $100000,00 → APROBADO 
María - TARJETA - $40000,00 → APROBADO 

Simulación de pagos automáticos iniciada...

=== Procesando pago del cliente: Lucía ===
Método: tarjeta | Monto: $30000.0

Ejecutando método de pago...
Procesando pago con tarjeta de Lucía
Monto: $30000.0 - Tarjeta: ****1111
Transacción aprobada.
Pago exitoso del cliente Lucía

=== Procesando pago del cliente: Carlos ===
Método: efectivo | Monto: $15000.0

Ejecutando método de pago...
Pago en efectivo recibido: $15000.0
Pago completado. Cambio: $0.0 | Transacción #TX-1763140731646
Pago exitoso del cliente Carlos

=== Procesando pago del cliente: Ana ===
Método: transferencia | Monto: $50000.0

Ejecutando método de pago...
Transferencia desde cuenta ACC-Ana a ACC-RESTAURANTE
Monto transferido: $50000.0 | Fecha: Fri Nov 14 12:18:51 COT 2025
Transferencia completada. ID Transacción: TRX-1763140731646
Pago exitoso del cliente Ana

=== Procesando pago del cliente: Pedro ===
Método: efectivo | Monto: $100000.0

Ejecutando método de pago...
Pago en efectivo recibido: $100000.0
Pago completado. Cambio: $0.0 | Transacción #TX-1763140731647
Pago exitoso del cliente Pedro

=== Procesando pago del cliente: María ===
Método: tarjeta | Monto: $40000.0

Ejecutando método de pago...
Procesando pago con tarjeta de María
Monto: $40000.0 - Tarjeta: ****1111
Transacción aprobada.
Pago exitoso del cliente María

HISTORIAL DE PAGOS:
Lucía - TARJETA - $30000,00 → APROBADO 
Carlos - EFECTIVO - $15000,00 → APROBADO 
Ana - TRANSFERENCIA - $50000,00 → APROBADO 
Pedro - EFECTIVO - $100000,00 → APROBADO 
María - TARJETA - $40000,00 → APROBADO 
Lucía - TARJETA - $30000,00 → APROBADO 
Carlos - EFECTIVO - $15000,00 → APROBADO 
Ana - TRANSFERENCIA - $50000,00 → APROBADO 
Pedro - EFECTIVO - $100000,00 → APROBADO 
María - TARJETA - $40000,00 → APROBADO 

Simulación de pagos automáticos iniciada...

=== Procesando pago del cliente: Lucía ===
Método: tarjeta | Monto: $30000.0

Ejecutando método de pago...
Procesando pago con tarjeta de Lucía
Monto: $30000.0 - Tarjeta: ****1111
Transacción aprobada.
Pago exitoso del cliente Lucía

=== Procesando pago del cliente: Carlos ===
Método: efectivo | Monto: $15000.0

Ejecutando método de pago...
Pago en efectivo recibido: $15000.0
Pago completado. Cambio: $0.0 | Transacción #TX-1763140731648
Pago exitoso del cliente Carlos

=== Procesando pago del cliente: Ana ===
Método: transferencia | Monto: $50000.0

Ejecutando método de pago...
Transferencia desde cuenta ACC-Ana a ACC-RESTAURANTE
Monto transferido: $50000.0 | Fecha: Fri Nov 14 12:18:51 COT 2025
Transferencia completada. ID Transacción: TRX-1763140731649
Pago exitoso del cliente Ana

=== Procesando pago del cliente: Pedro ===
Método: efectivo | Monto: $100000.0

Ejecutando método de pago...
Pago en efectivo recibido: $100000.0
Pago completado. Cambio: $0.0 | Transacción #TX-1763140731649
Pago exitoso del cliente Pedro

=== Procesando pago del cliente: María ===
Método: tarjeta | Monto: $40000.0

Ejecutando método de pago...
Procesando pago con tarjeta de María
Monto: $40000.0 - Tarjeta: ****1111
Transacción aprobada.
Pago exitoso del cliente María

HISTORIAL DE PAGOS:
Lucía - TARJETA - $30000,00 → APROBADO 
Carlos - EFECTIVO - $15000,00 → APROBADO 
Ana - TRANSFERENCIA - $50000,00 → APROBADO 
Pedro - EFECTIVO - $100000,00 → APROBADO 
María - TARJETA - $40000,00 → APROBADO 
Lucía - TARJETA - $30000,00 → APROBADO 
Carlos - EFECTIVO - $15000,00 → APROBADO 
Ana - TRANSFERENCIA - $50000,00 → APROBADO 
Pedro - EFECTIVO - $100000,00 → APROBADO 
María - TARJETA - $40000,00 → APROBADO 
Lucía - TARJETA - $30000,00 → APROBADO 
Carlos - EFECTIVO - $15000,00 → APROBADO 
Ana - TRANSFERENCIA - $50000,00 → APROBADO 
Pedro - EFECTIVO - $100000,00 → APROBADO 
María - TARJETA - $40000,00 → APROBADO 

Simulación de pagos automáticos iniciada...

=== Procesando pago del cliente: Lucía ===
Método: tarjeta | Monto: $30000.0

Ejecutando método de pago...
Procesando pago con tarjeta de Lucía
Monto: $30000.0 - Tarjeta: ****1111
Transacción aprobada.
Pago exitoso del cliente Lucía

=== Procesando pago del cliente: Carlos ===
Método: efectivo | Monto: $15000.0

Ejecutando método de pago...
Pago en efectivo recibido: $15000.0
Pago completado. Cambio: $0.0 | Transacción #TX-1763140731650
Pago exitoso del cliente Carlos

=== Procesando pago del cliente: Ana ===
Método: transferencia | Monto: $50000.0

Ejecutando método de pago...
Transferencia desde cuenta ACC-Ana a ACC-RESTAURANTE
Monto transferido: $50000.0 | Fecha: Fri Nov 14 12:18:51 COT 2025
Transferencia completada. ID Transacción: TRX-1763140731651
Pago exitoso del cliente Ana

=== Procesando pago del cliente: Pedro ===
Método: efectivo | Monto: $100000.0

Ejecutando método de pago...
Pago en efectivo recibido: $100000.0
Pago completado. Cambio: $0.0 | Transacción #TX-1763140731651
Pago exitoso del cliente Pedro

=== Procesando pago del cliente: María ===
Método: tarjeta | Monto: $40000.0

Ejecutando método de pago...
Procesando pago con tarjeta de María
Monto: $40000.0 - Tarjeta: ****1111
Transacción aprobada.
Pago exitoso del cliente María

HISTORIAL DE PAGOS:
Lucía - TARJETA - $30000,00 → APROBADO 
Carlos - EFECTIVO - $15000,00 → APROBADO 
Ana - TRANSFERENCIA - $50000,00 → APROBADO 
Pedro - EFECTIVO - $100000,00 → APROBADO 
María - TARJETA - $40000,00 → APROBADO 
Lucía - TARJETA - $30000,00 → APROBADO 
Carlos - EFECTIVO - $15000,00 → APROBADO 
Ana - TRANSFERENCIA - $50000,00 → APROBADO 
Pedro - EFECTIVO - $100000,00 → APROBADO 
María - TARJETA - $40000,00 → APROBADO 
Lucía - TARJETA - $30000,00 → APROBADO 
Carlos - EFECTIVO - $15000,00 → APROBADO 
Ana - TRANSFERENCIA - $50000,00 → APROBADO 
Pedro - EFECTIVO - $100000,00 → APROBADO 
María - TARJETA - $40000,00 → APROBADO 
Lucía - TARJETA - $30000,00 → APROBADO 
Carlos - EFECTIVO - $15000,00 → APROBADO 
Ana - TRANSFERENCIA - $50000,00 → APROBADO 
Pedro - EFECTIVO - $100000,00 → APROBADO 
María - TARJETA - $40000,00 → APROBADO 

Simulación de pagos automáticos iniciada...

=== Procesando pago del cliente: Lucía ===
Método: tarjeta | Monto: $30000.0

Ejecutando método de pago...
Procesando pago con tarjeta de Lucía
Monto: $30000.0 - Tarjeta: ****1111
Transacción aprobada.
Pago exitoso del cliente Lucía

=== Procesando pago del cliente: Carlos ===
Método: efectivo | Monto: $15000.0

Ejecutando método de pago...
Pago en efectivo recibido: $15000.0
Pago completado. Cambio: $0.0 | Transacción #TX-1763140731652
Pago exitoso del cliente Carlos

=== Procesando pago del cliente: Ana ===
Método: transferencia | Monto: $50000.0

Ejecutando método de pago...
Transferencia desde cuenta ACC-Ana a ACC-RESTAURANTE
Monto transferido: $50000.0 | Fecha: Fri Nov 14 12:18:51 COT 2025
Transferencia completada. ID Transacción: TRX-1763140731653
Pago exitoso del cliente Ana

=== Procesando pago del cliente: Pedro ===
Método: efectivo | Monto: $100000.0

Ejecutando método de pago...
Pago en efectivo recibido: $100000.0
Pago completado. Cambio: $0.0 | Transacción #TX-1763140731653
Pago exitoso del cliente Pedro

=== Procesando pago del cliente: María ===
Método: tarjeta | Monto: $40000.0

Ejecutando método de pago...
Procesando pago con tarjeta de María
Monto: $40000.0 - Tarjeta: ****1111
Transacción aprobada.
Pago exitoso del cliente María

HISTORIAL DE PAGOS:
Lucía - TARJETA - $30000,00 → APROBADO 
Carlos - EFECTIVO - $15000,00 → APROBADO 
Ana - TRANSFERENCIA - $50000,00 → APROBADO 
Pedro - EFECTIVO - $100000,00 → APROBADO 
María - TARJETA - $40000,00 → APROBADO 
Lucía - TARJETA - $30000,00 → APROBADO 
Carlos - EFECTIVO - $15000,00 → APROBADO 
Ana - TRANSFERENCIA - $50000,00 → APROBADO 
Pedro - EFECTIVO - $100000,00 → APROBADO 
María - TARJETA - $40000,00 → APROBADO 
Lucía - TARJETA - $30000,00 → APROBADO 
Carlos - EFECTIVO - $15000,00 → APROBADO 
Ana - TRANSFERENCIA - $50000,00 → APROBADO 
Pedro - EFECTIVO - $100000,00 → APROBADO 
María - TARJETA - $40000,00 → APROBADO 
Lucía - TARJETA - $30000,00 → APROBADO 
Carlos - EFECTIVO - $15000,00 → APROBADO 
Ana - TRANSFERENCIA - $50000,00 → APROBADO 
Pedro - EFECTIVO - $100000,00 → APROBADO 
María - TARJETA - $40000,00 → APROBADO 
Lucía - TARJETA - $30000,00 → APROBADO 
Carlos - EFECTIVO - $15000,00 → APROBADO 
Ana - TRANSFERENCIA - $50000,00 → APROBADO 
Pedro - EFECTIVO - $100000,00 → APROBADO 
María - TARJETA - $40000,00 → APROBADO 
]]></system-out>
  </testcase>
  <testcase name="flujosConcurrentesDebenEjecutarseSinExcepciones" classname="e2e.Adapter.AdapterE2ETest" time="0.071">
    <failure message="&#10;Expecting code not to raise a throwable but caught&#10;  &quot;java.lang.RuntimeException: java.util.concurrent.ExecutionException: java.util.ConcurrentModificationException&#10;	at e2e.Adapter.AdapterE2ETest.lambda$flujosConcurrentesDebenEjecutarseSinExcepciones$3(AdapterE2ETest.java:45)&#10;	at java.base/java.util.ArrayList.forEach(ArrayList.java:1596)&#10;	at e2e.Adapter.AdapterE2ETest.lambda$flujosConcurrentesDebenEjecutarseSinExcepciones$4(AdapterE2ETest.java:44)&#10;	at org.assertj.core.api.ThrowableAssert.catchThrowable(ThrowableAssert.java:63)&#10;	at org.assertj.core.api.AssertionsForClassTypes.catchThrowable(AssertionsForClassTypes.java:904)&#10;	at org.assertj.core.api.AssertionsForClassTypes.assertThatCode(AssertionsForClassTypes.java:875)&#10;	at org.assertj.core.api.Assertions.assertThatCode(Assertions.java:1390)&#10;	at e2e.Adapter.AdapterE2ETest.flujosConcurrentesDebenEjecutarseSinExcepciones(AdapterE2ETest.java:35)&#10;	at java.base/jdk.internal.reflect.DirectMethodHandleAccessor.invoke(DirectMethodHandleAccessor.java:103)&#10;	at java.base/java.lang.reflect.Method.invoke(Method.java:580)&#10;	at org.junit.platform.commons.util.ReflectionUtils.invokeMethod(ReflectionUtils.java:766)&#10;	at org.junit.jupiter.engine.execution.MethodInvocation.proceed(MethodInvocation.java:60)&#10;	at org.junit.jupiter.engine.execution.InvocationInterceptorChain$ValidatingInvocation.proceed(InvocationInterceptorChain.java:131)&#10;	at org.junit.jupiter.engine.extension.TimeoutExtension.intercept(TimeoutExtension.java:156)&#10;	at org.junit.jupiter.engine.extension.TimeoutExtension.interceptTestableMethod(TimeoutExtension.java:147)&#10;	at org.junit.jupiter.engine.extension.TimeoutExtension.interceptTestMethod(TimeoutExtension.java:86)&#10;	at org.junit.jupiter.engine.execution.InterceptingExecutableInvoker$ReflectiveInterceptorCall.lambda$ofVoidMethod$0(InterceptingExecutableInvoker.java:103)&#10;	at org.junit.jupiter.engine.execution.InterceptingExecutableInvoker.lambda$invoke$0(InterceptingExecutableInvoker.java:93)&#10;	at org.junit.jupiter.engine.execution.InvocationInterceptorChain$InterceptedInvocation.proceed(InvocationInterceptorChain.java:106)&#10;	at org.junit.jupiter.engine.execution.InvocationInterceptorChain.proceed(InvocationInterceptorChain.java:64)&#10;	at org.junit.jupiter.engine.execution.InvocationInterceptorChain.chainAndInvoke(InvocationInterceptorChain.java:45)&#10;	at org.junit.jupiter.engine.execution.InvocationInterceptorChain.invoke(InvocationInterceptorChain.java:37)&#10;	at org.junit.jupiter.engine.execution.InterceptingExecutableInvoker.invoke(InterceptingExecutableInvoker.java:92)&#10;	at org.junit.jupiter.engine.execution.InterceptingExecutableInvoker.invoke(InterceptingExecutableInvoker.java:86)&#10;	at org.junit.jupiter.engine.descriptor.TestMethodTestDescriptor.lambda$invokeTestMethod$8(TestMethodTestDescriptor.java:217)&#10;	at org.junit.platform.engine.support.hierarchical.ThrowableCollector.execute(ThrowableCollector.java:73)&#10;	at org.junit.jupiter.engine.descriptor.TestMethodTestDescriptor.invokeTestMethod(TestMethodTestDescriptor.java:213)&#10;	at org.junit.jupiter.engine.descriptor.TestMethodTestDescriptor.execute(TestMethodTestDescriptor.java:138)&#10;	at org.junit.jupiter.engine.descriptor.TestMethodTestDescriptor.execute(TestMethodTestDescriptor.java:68)&#10;	at org.junit.platform.engine.support.hierarchical.NodeTestTask.lambda$executeRecursively$6(NodeTestTask.java:156)&#10;	at org.junit.platform.engine.support.hierarchical.ThrowableCollector.execute(ThrowableCollector.java:73)&#10;	at org.junit.platform.engine.support.hierarchical.NodeTestTask.lambda$executeRecursively$8(NodeTestTask.java:146)&#10;	at org.junit.platform.engine.support.hierarchical.Node.around(Node.java:137)&#10;	at org.junit.platform.engine.support.hierarchical.NodeTestTask.lambda$executeRecursively$9(NodeTestTask.java:144)&#10;	at org.junit.platform.engine.support.hierarchical.ThrowableCollector.execute(ThrowableCollector.java:73)&#10;	at org.junit.platform.engine.support.hierarchical.NodeTestTask.executeRecursively(NodeTestTask.java:143)&#10;	at org.junit.platform.engine.support.hierarchical.NodeTestTask.execute(NodeTestTask.java:100)&#10;	at java.base/java.util.ArrayList.forEach(ArrayList.java:1596)&#10;	at org.junit.platform.engine.support.hierarchical.SameThreadHierarchicalTestExecutorService.invokeAll(SameThreadHierarchicalTestExecutorService.java:41)&#10;	at org.junit.platform.engine.support.hierarchical.NodeTestTask.lambda$executeRecursively$6(NodeTestTask.java:160)&#10;	at org.junit.platform.engine.support.hierarchical.ThrowableCollector.execute(ThrowableCollector.java:73)&#10;	at org.junit.platform.engine.support.hierarchical.NodeTestTask.lambda$executeRecursively$8(NodeTestTask.java:146)&#10;	at org.junit.platform.engine.support.hierarchical.Node.around(Node.java:137)&#10;	at org.junit.platform.engine.support.hierarchical.NodeTestTask.lambda$executeRecursively$9(NodeTestTask.java:144)&#10;	at org.junit.platform.engine.support.hierarchical.ThrowableCollector.execute(ThrowableCollector.java:73)&#10;	at org.junit.platform.engine.support.hierarchical.NodeTestTask.executeRecursively(NodeTestTask.java:143)&#10;	at org.junit.platform.engine.support.hierarchical.NodeTestTask.execute(NodeTestTask.java:100)&#10;	at java.base/java.util.ArrayList.forEach(ArrayList.java:1596)&#10;	at org.junit.platform.engine.support.hierarchical.SameThreadHierarchicalTestExecutorService.invokeAll(SameThreadHierarchicalTestExecutorService.java:41)&#10;	at org.junit.platform.engine.support.hierarchical.NodeTestTask.lambda$executeRecursively$6(NodeTestTask.java:160)&#10;	at org.junit.platform.engine.support.hierarchical.ThrowableCollector.execute(ThrowableCollector.java:73)&#10;	at org.junit.platform.engine.support.hierarchical.NodeTestTask.lambda$executeRecursively$8(NodeTestTask.java:146)&#10;	at org.junit.platform.engine.support.hierarchical.Node.around(Node.java:137)&#10;	at org.junit.platform.engine.support.hierarchical.NodeTestTask.lambda$executeRecursively$9(NodeTestTask.java:144)&#10;	at org.junit.platform.engine.support.hierarchical.ThrowableCollector.execute(ThrowableCollector.java:73)&#10;	at org.junit.platform.engine.support.hierarchical.NodeTestTask.executeRecursively(NodeTestTask.java:143)&#10;	at org.junit.platform.engine.support.hierarchical.NodeTestTask.execute(NodeTestTask.java:100)&#10;	at org.junit.platform.engine.support.hierarchical.SameThreadHierarchicalTestExecutorService.submit(SameThreadHierarchicalTestExecutorService.java:35)&#10;	at org.junit.platform.engine.support.hierarchical.HierarchicalTestExecutor.execute(HierarchicalTestExecutor.java:57)&#10;	at org.junit.platform.engine.support.hierarchical.HierarchicalTestEngine.execute(HierarchicalTestEngine.java:54)&#10;	at org.junit.platform.launcher.core.EngineExecutionOrchestrator.execute(EngineExecutionOrchestrator.java:198)&#10;	at org.junit.platform.launcher.core.EngineExecutionOrchestrator.execute(EngineExecutionOrchestrator.java:169)&#10;	at org.junit.platform.launcher.core.EngineExecutionOrchestrator.execute(EngineExecutionOrchestrator.java:93)&#10;	at org.junit.platform.launcher.core.EngineExecutionOrchestrator.lambda$execute$0(EngineExecutionOrchestrator.java:58)&#10;	at org.junit.platform.launcher.core.EngineExecutionOrchestrator.withInterceptedStreams(EngineExecutionOrchestrator.java:141)&#10;	at org.junit.platform.launcher.core.EngineExecutionOrchestrator.execute(EngineExecutionOrchestrator.java:57)&#10;	at org.junit.platform.launcher.core.DefaultLauncher.execute(DefaultLauncher.java:103)&#10;	at org.junit.platform.launcher.core.DefaultLauncher.execute(DefaultLauncher.java:85)&#10;	at org.junit.platform.launcher.core.DelegatingLauncher.execute(DelegatingLauncher.java:47)&#10;	at org.apache.maven.surefire.junitplatform.LazyLauncher.execute(LazyLauncher.java:56)&#10;	at org.apache.maven.surefire.junitplatform.JUnitPlatformProvider.execute(JUnitPlatformProvider.java:184)&#10;	at org.apache.maven.surefire.junitplatform.JUnitPlatformProvider.invokeAllTests(JUnitPlatformProvider.java:148)&#10;	at org.apache.maven.surefire.junitplatform.JUnitPlatformProvider.invoke(JUnitPlatformProvider.java:122)&#10;	at org.apache.maven.surefire.booter.ForkedBooter.runSuitesInProcess(ForkedBooter.java:385)&#10;	at org.apache.maven.surefire.booter.ForkedBooter.execute(ForkedBooter.java:162)&#10;	at org.apache.maven.surefire.booter.ForkedBooter.run(ForkedBooter.java:507)&#10;	at org.apache.maven.surefire.booter.ForkedBooter.main(ForkedBooter.java:495)&#10;Caused by: java.util.concurrent.ExecutionException: java.util.ConcurrentModificationException&#10;	at java.base/java.util.concurrent.FutureTask.report(FutureTask.java:122)&#10;	at java.base/java.util.concurrent.FutureTask.get(FutureTask.java:191)&#10;	... 77 more&#10;Caused by: java.util.ConcurrentModificationException&#10;	at java.base/java.util.ArrayList.forEach(ArrayList.java:1598)&#10;	at Estructurales.Adapter.controlador.AdapterController.mostrarHistorial(AdapterController.java:32)&#10;	at Estructurales.Adapter.controlador.AdapterController.ejecutarPagos(AdapterController.java:45)&#10;	at e2e.Adapter.AdapterE2ETest.lambda$flujosConcurrentesDebenEjecutarseSinExcepciones$1(AdapterE2ETest.java:40)&#10;	at java.base/java.util.concurrent.FutureTask.run(FutureTask.java:317)&#10;	at java.base/java.util.concurrent.ThreadPoolExecutor.runWorker(ThreadPoolExecutor.java:1144)&#10;	at java.base/java.util.concurrent.ThreadPoolExecutor$Worker.run(ThreadPoolExecutor.java:642)&#10;	at java.base/java.lang.Thread.run(Thread.java:1583)&#10;&quot;" type="java.lang.AssertionError"><![CDATA[java.lang.AssertionError: 

Expecting code not to raise a throwable but caught
  "java.lang.RuntimeException: java.util.concurrent.ExecutionException: java.util.ConcurrentModificationException
	at e2e.Adapter.AdapterE2ETest.lambda$flujosConcurrentesDebenEjecutarseSinExcepciones$3(AdapterE2ETest.java:45)
	at java.base/java.util.ArrayList.forEach(ArrayList.java:1596)
	at e2e.Adapter.AdapterE2ETest.lambda$flujosConcurrentesDebenEjecutarseSinExcepciones$4(AdapterE2ETest.java:44)
	at org.assertj.core.api.ThrowableAssert.catchThrowable(ThrowableAssert.java:63)
	at org.assertj.core.api.AssertionsForClassTypes.catchThrowable(AssertionsForClassTypes.java:904)
	at org.assertj.core.api.AssertionsForClassTypes.assertThatCode(AssertionsForClassTypes.java:875)
	at org.assertj.core.api.Assertions.assertThatCode(Assertions.java:1390)
	at e2e.Adapter.AdapterE2ETest.flujosConcurrentesDebenEjecutarseSinExcepciones(AdapterE2ETest.java:35)
	at java.base/jdk.internal.reflect.DirectMethodHandleAccessor.invoke(DirectMethodHandleAccessor.java:103)
	at java.base/java.lang.reflect.Method.invoke(Method.java:580)
	at org.junit.platform.commons.util.ReflectionUtils.invokeMethod(ReflectionUtils.java:766)
	at org.junit.jupiter.engine.execution.MethodInvocation.proceed(MethodInvocation.java:60)
	at org.junit.jupiter.engine.execution.InvocationInterceptorChain$ValidatingInvocation.proceed(InvocationInterceptorChain.java:131)
	at org.junit.jupiter.engine.extension.TimeoutExtension.intercept(TimeoutExtension.java:156)
	at org.junit.jupiter.engine.extension.TimeoutExtension.interceptTestableMethod(TimeoutExtension.java:147)
	at org.junit.jupiter.engine.extension.TimeoutExtension.interceptTestMethod(TimeoutExtension.java:86)
	at org.junit.jupiter.engine.execution.InterceptingExecutableInvoker$ReflectiveInterceptorCall.lambda$ofVoidMethod$0(InterceptingExecutableInvoker.java:103)
	at org.junit.jupiter.engine.execution.InterceptingExecutableInvoker.lambda$invoke$0(InterceptingExecutableInvoker.java:93)
	at org.junit.jupiter.engine.execution.InvocationInterceptorChain$InterceptedInvocation.proceed(InvocationInterceptorChain.java:106)
	at org.junit.jupiter.engine.execution.InvocationInterceptorChain.proceed(InvocationInterceptorChain.java:64)
	at org.junit.jupiter.engine.execution.InvocationInterceptorChain.chainAndInvoke(InvocationInterceptorChain.java:45)
	at org.junit.jupiter.engine.execution.InvocationInterceptorChain.invoke(InvocationInterceptorChain.java:37)
	at org.junit.jupiter.engine.execution.InterceptingExecutableInvoker.invoke(InterceptingExecutableInvoker.java:92)
	at org.junit.jupiter.engine.execution.InterceptingExecutableInvoker.invoke(InterceptingExecutableInvoker.java:86)
	at org.junit.jupiter.engine.descriptor.TestMethodTestDescriptor.lambda$invokeTestMethod$8(TestMethodTestDescriptor.java:217)
	at org.junit.platform.engine.support.hierarchical.ThrowableCollector.execute(ThrowableCollector.java:73)
	at org.junit.jupiter.engine.descriptor.TestMethodTestDescriptor.invokeTestMethod(TestMethodTestDescriptor.java:213)
	at org.junit.jupiter.engine.descriptor.TestMethodTestDescriptor.execute(TestMethodTestDescriptor.java:138)
	at org.junit.jupiter.engine.descriptor.TestMethodTestDescriptor.execute(TestMethodTestDescriptor.java:68)
	at org.junit.platform.engine.support.hierarchical.NodeTestTask.lambda$executeRecursively$6(NodeTestTask.java:156)
	at org.junit.platform.engine.support.hierarchical.ThrowableCollector.execute(ThrowableCollector.java:73)
	at org.junit.platform.engine.support.hierarchical.NodeTestTask.lambda$executeRecursively$8(NodeTestTask.java:146)
	at org.junit.platform.engine.support.hierarchical.Node.around(Node.java:137)
	at org.junit.platform.engine.support.hierarchical.NodeTestTask.lambda$executeRecursively$9(NodeTestTask.java:144)
	at org.junit.platform.engine.support.hierarchical.ThrowableCollector.execute(ThrowableCollector.java:73)
	at org.junit.platform.engine.support.hierarchical.NodeTestTask.executeRecursively(NodeTestTask.java:143)
	at org.junit.platform.engine.support.hierarchical.NodeTestTask.execute(NodeTestTask.java:100)
	at java.base/java.util.ArrayList.forEach(ArrayList.java:1596)
	at org.junit.platform.engine.support.hierarchical.SameThreadHierarchicalTestExecutorService.invokeAll(SameThreadHierarchicalTestExecutorService.java:41)
	at org.junit.platform.engine.support.hierarchical.NodeTestTask.lambda$executeRecursively$6(NodeTestTask.java:160)
	at org.junit.platform.engine.support.hierarchical.ThrowableCollector.execute(ThrowableCollector.java:73)
	at org.junit.platform.engine.support.hierarchical.NodeTestTask.lambda$executeRecursively$8(NodeTestTask.java:146)
	at org.junit.platform.engine.support.hierarchical.Node.around(Node.java:137)
	at org.junit.platform.engine.support.hierarchical.NodeTestTask.lambda$executeRecursively$9(NodeTestTask.java:144)
	at org.junit.platform.engine.support.hierarchical.ThrowableCollector.execute(ThrowableCollector.java:73)
	at org.junit.platform.engine.support.hierarchical.NodeTestTask.executeRecursively(NodeTestTask.java:143)
	at org.junit.platform.engine.support.hierarchical.NodeTestTask.execute(NodeTestTask.java:100)
	at java.base/java.util.ArrayList.forEach(ArrayList.java:1596)
	at org.junit.platform.engine.support.hierarchical.SameThreadHierarchicalTestExecutorService.invokeAll(SameThreadHierarchicalTestExecutorService.java:41)
	at org.junit.platform.engine.support.hierarchical.NodeTestTask.lambda$executeRecursively$6(NodeTestTask.java:160)
	at org.junit.platform.engine.support.hierarchical.ThrowableCollector.execute(ThrowableCollector.java:73)
	at org.junit.platform.engine.support.hierarchical.NodeTestTask.lambda$executeRecursively$8(NodeTestTask.java:146)
	at org.junit.platform.engine.support.hierarchical.Node.around(Node.java:137)
	at org.junit.platform.engine.support.hierarchical.NodeTestTask.lambda$executeRecursively$9(NodeTestTask.java:144)
	at org.junit.platform.engine.support.hierarchical.ThrowableCollector.execute(ThrowableCollector.java:73)
	at org.junit.platform.engine.support.hierarchical.NodeTestTask.executeRecursively(NodeTestTask.java:143)
	at org.junit.platform.engine.support.hierarchical.NodeTestTask.execute(NodeTestTask.java:100)
	at org.junit.platform.engine.support.hierarchical.SameThreadHierarchicalTestExecutorService.submit(SameThreadHierarchicalTestExecutorService.java:35)
	at org.junit.platform.engine.support.hierarchical.HierarchicalTestExecutor.execute(HierarchicalTestExecutor.java:57)
	at org.junit.platform.engine.support.hierarchical.HierarchicalTestEngine.execute(HierarchicalTestEngine.java:54)
	at org.junit.platform.launcher.core.EngineExecutionOrchestrator.execute(EngineExecutionOrchestrator.java:198)
	at org.junit.platform.launcher.core.EngineExecutionOrchestrator.execute(EngineExecutionOrchestrator.java:169)
	at org.junit.platform.launcher.core.EngineExecutionOrchestrator.execute(EngineExecutionOrchestrator.java:93)
	at org.junit.platform.launcher.core.EngineExecutionOrchestrator.lambda$execute$0(EngineExecutionOrchestrator.java:58)
	at org.junit.platform.launcher.core.EngineExecutionOrchestrator.withInterceptedStreams(EngineExecutionOrchestrator.java:141)
	at org.junit.platform.launcher.core.EngineExecutionOrchestrator.execute(EngineExecutionOrchestrator.java:57)
	at org.junit.platform.launcher.core.DefaultLauncher.execute(DefaultLauncher.java:103)
	at org.junit.platform.launcher.core.DefaultLauncher.execute(DefaultLauncher.java:85)
	at org.junit.platform.launcher.core.DelegatingLauncher.execute(DelegatingLauncher.java:47)
	at org.apache.maven.surefire.junitplatform.LazyLauncher.execute(LazyLauncher.java:56)
	at org.apache.maven.surefire.junitplatform.JUnitPlatformProvider.execute(JUnitPlatformProvider.java:184)
	at org.apache.maven.surefire.junitplatform.JUnitPlatformProvider.invokeAllTests(JUnitPlatformProvider.java:148)
	at org.apache.maven.surefire.junitplatform.JUnitPlatformProvider.invoke(JUnitPlatformProvider.java:122)
	at org.apache.maven.surefire.booter.ForkedBooter.runSuitesInProcess(ForkedBooter.java:385)
	at org.apache.maven.surefire.booter.ForkedBooter.execute(ForkedBooter.java:162)
	at org.apache.maven.surefire.booter.ForkedBooter.run(ForkedBooter.java:507)
	at org.apache.maven.surefire.booter.ForkedBooter.main(ForkedBooter.java:495)
Caused by: java.util.concurrent.ExecutionException: java.util.ConcurrentModificationException
	at java.base/java.util.concurrent.FutureTask.report(FutureTask.java:122)
	at java.base/java.util.concurrent.FutureTask.get(FutureTask.java:191)
	... 77 more
Caused by: java.util.ConcurrentModificationException
	at java.base/java.util.ArrayList.forEach(ArrayList.java:1598)
	at Estructurales.Adapter.controlador.AdapterController.mostrarHistorial(AdapterController.java:32)
	at Estructurales.Adapter.controlador.AdapterController.ejecutarPagos(AdapterController.java:45)
	at e2e.Adapter.AdapterE2ETest.lambda$flujosConcurrentesDebenEjecutarseSinExcepciones$1(AdapterE2ETest.java:40)
	at java.base/java.util.concurrent.FutureTask.run(FutureTask.java:317)
	at java.base/java.util.concurrent.ThreadPoolExecutor.runWorker(ThreadPoolExecutor.java:1144)
	at java.base/java.util.concurrent.ThreadPoolExecutor$Worker.run(ThreadPoolExecutor.java:642)
	at java.base/java.lang.Thread.run(Thread.java:1583)
"
	at e2e.Adapter.AdapterE2ETest.flujosConcurrentesDebenEjecutarseSinExcepciones(AdapterE2ETest.java:50)
	at java.base/java.lang.reflect.Method.invoke(Method.java:580)
	at java.base/java.util.ArrayList.forEach(ArrayList.java:1596)
	at java.base/java.util.ArrayList.forEach(ArrayList.java:1596)
]]></failure>
    <system-out><![CDATA[
Simulación de pagos automáticos iniciada...

Simulación de pagos automáticos iniciada...

=== Procesando pago del cliente: Lucía ===

=== Procesando pago del cliente: Lucía ===
Método: tarjeta | Monto: $30000.0
Método: tarjeta | Monto: $30000.0

Ejecutando método de pago...

Ejecutando método de pago...
Procesando pago con tarjeta de Lucía
Procesando pago con tarjeta de Lucía
Monto: $30000.0 - Tarjeta: ****1111
Monto: $30000.0 - Tarjeta: ****1111
Transacción aprobada.
Transacción aprobada.
Pago exitoso del cliente Lucía
Pago exitoso del cliente Lucía

=== Procesando pago del cliente: Carlos ===
Método: efectivo | Monto: $15000.0

=== Procesando pago del cliente: Carlos ===

Ejecutando método de pago...
Método: efectivo | Monto: $15000.0
Pago en efectivo recibido: $15000.0
Pago completado. Cambio: $0.0 | Transacción #TX-1763140731665

Ejecutando método de pago...
Pago exitoso del cliente Carlos

Simulación de pagos automáticos iniciada...
Pago en efectivo recibido: $15000.0
Pago completado. Cambio: $0.0 | Transacción #TX-1763140731665

=== Procesando pago del cliente: Lucía ===
Pago exitoso del cliente Carlos

=== Procesando pago del cliente: Ana ===
Método: transferencia | Monto: $50000.0
Método: tarjeta | Monto: $30000.0

Ejecutando método de pago...
Procesando pago con tarjeta de Lucía
Monto: $30000.0 - Tarjeta: ****1111
Transacción aprobada.

Ejecutando método de pago...
Transferencia desde cuenta ACC-Ana a ACC-RESTAURANTE

Simulación de pagos automáticos iniciada...

Simulación de pagos automáticos iniciada...
Pago exitoso del cliente Lucía

=== Procesando pago del cliente: Lucía ===

=== Procesando pago del cliente: Lucía ===
Método: tarjeta | Monto: $30000.0
Método: tarjeta | Monto: $30000.0

Ejecutando método de pago...

Ejecutando método de pago...

=== Procesando pago del cliente: Carlos ===
Procesando pago con tarjeta de Lucía
Procesando pago con tarjeta de Lucía
Método: efectivo | Monto: $15000.0
Monto: $30000.0 - Tarjeta: ****1111
Monto: $30000.0 - Tarjeta: ****1111

Ejecutando método de pago...
Transacción aprobada.
Transacción aprobada.
Pago exitoso del cliente Lucía
Pago exitoso del cliente Lucía
Pago en efectivo recibido: $15000.0
Pago completado. Cambio: $0.0 | Transacción #TX-1763140731666
Pago exitoso del cliente Carlos

=== Procesando pago del cliente: Ana ===

Simulación de pagos automáticos iniciada...
Monto transferido: $50000.0 | Fecha: Fri Nov 14 12:18:51 COT 2025
Método: transferencia | Monto: $50000.0

=== Procesando pago del cliente: Lucía ===

=== Procesando pago del cliente: Carlos ===

Ejecutando método de pago...
Método: tarjeta | Monto: $30000.0

Ejecutando método de pago...
Transferencia desde cuenta ACC-Ana a ACC-RESTAURANTE
Método: efectivo | Monto: $15000.0
Procesando pago con tarjeta de Lucía

Ejecutando método de pago...
Monto: $30000.0 - Tarjeta: ****1111
Transacción aprobada.
Pago en efectivo recibido: $15000.0
Pago exitoso del cliente Lucía
Pago completado. Cambio: $0.0 | Transacción #TX-1763140731668
Monto transferido: $50000.0 | Fecha: Fri Nov 14 12:18:51 COT 2025
Pago exitoso del cliente Carlos
Transferencia completada. ID Transacción: TRX-1763140731668
Pago exitoso del cliente Ana

=== Procesando pago del cliente: Carlos ===

=== Procesando pago del cliente: Ana ===
Método: transferencia | Monto: $50000.0

=== Procesando pago del cliente: Pedro ===
Transferencia completada. ID Transacción: TRX-1763140731665
Método: efectivo | Monto: $15000.0
Método: efectivo | Monto: $100000.0

Ejecutando método de pago...

Ejecutando método de pago...
Pago en efectivo recibido: $100000.0
Pago completado. Cambio: $0.0 | Transacción #TX-1763140731668
Pago en efectivo recibido: $15000.0
Pago exitoso del cliente Pedro
Pago completado. Cambio: $0.0 | Transacción #TX-1763140731668
Pago exitoso del cliente Carlos

=== Procesando pago del cliente: María ===
Método: tarjeta | Monto: $40000.0

Ejecutando método de pago...
Procesando pago con tarjeta de María
Monto: $40000.0 - Tarjeta: ****1111
Transacción aprobada.
Pago exitoso del cliente María
Pago exitoso del cliente Ana

=== Procesando pago del cliente: Pedro ===

HISTORIAL DE PAGOS:
Método: efectivo | Monto: $100000.0

Ejecutando método de pago...
Lucía - TARJETA - $30000,00 → APROBADO 
Transferencia desde cuenta ACC-Ana a ACC-RESTAURANTE

=== Procesando pago del cliente: Ana ===
Lucía - TARJETA - $30000,00 → APROBADO 
Carlos - EFECTIVO - $15000,00 → APROBADO 
Método: transferencia | Monto: $50000.0
Lucía - TARJETA - $30000,00 → APROBADO 
Monto transferido: $50000.0 | Fecha: Fri Nov 14 12:18:51 COT 2025

Ejecutando método de pago...
Carlos - EFECTIVO - $15000,00 → APROBADO 
Transferencia completada. ID Transacción: TRX-1763140731668
Lucía - TARJETA - $30000,00 → APROBADO 
Transferencia desde cuenta ACC-Ana a ACC-RESTAURANTE
Lucía - TARJETA - $30000,00 → APROBADO 
Pago exitoso del cliente Ana

Ejecutando método de pago...
Carlos - EFECTIVO - $15000,00 → APROBADO 

=== Procesando pago del cliente: Carlos ===
Carlos - EFECTIVO - $15000,00 → APROBADO 
Método: efectivo | Monto: $15000.0
Lucía - TARJETA - $30000,00 → APROBADO 

Ejecutando método de pago...

=== Procesando pago del cliente: Pedro ===
Método: efectivo | Monto: $100000.0
Pago en efectivo recibido: $15000.0

Ejecutando método de pago...
Pago completado. Cambio: $0.0 | Transacción #TX-1763140731670
Pago en efectivo recibido: $100000.0
Pago exitoso del cliente Carlos
Monto transferido: $50000.0 | Fecha: Fri Nov 14 12:18:51 COT 2025
Transferencia completada. ID Transacción: TRX-1763140731670
Pago exitoso del cliente Ana

=== Procesando pago del cliente: Ana ===
Método: transferencia | Monto: $50000.0

Ejecutando método de pago...
Pago completado. Cambio: $0.0 | Transacción #TX-1763140731670
Pago exitoso del cliente Pedro
Transferencia desde cuenta ACC-Ana a ACC-RESTAURANTE

Simulación de pagos automáticos iniciada...

=== Procesando pago del cliente: Ana ===

=== Procesando pago del cliente: Lucía ===
Método: transferencia | Monto: $50000.0
Método: tarjeta | Monto: $30000.0

=== Procesando pago del cliente: María ===

Ejecutando método de pago...
Procesando pago con tarjeta de Lucía
Monto: $30000.0 - Tarjeta: ****1111
Transacción aprobada.
Pago exitoso del cliente Lucía

Ejecutando método de pago...

=== Procesando pago del cliente: Carlos ===
Transferencia desde cuenta ACC-Ana a ACC-RESTAURANTE
Método: efectivo | Monto: $15000.0

=== Procesando pago del cliente: Pedro ===

Ejecutando método de pago...
Monto transferido: $50000.0 | Fecha: Fri Nov 14 12:18:51 COT 2025
Pago en efectivo recibido: $100000.0
Monto transferido: $50000.0 | Fecha: Fri Nov 14 12:18:51 COT 2025
Pago en efectivo recibido: $15000.0
Transferencia completada. ID Transacción: TRX-1763140731670
Transferencia completada. ID Transacción: TRX-1763140731671
Pago completado. Cambio: $0.0 | Transacción #TX-1763140731670
Método: tarjeta | Monto: $40000.0
Pago exitoso del cliente Ana
Pago completado. Cambio: $0.0 | Transacción #TX-1763140731671
Pago exitoso del cliente Pedro
Pago exitoso del cliente Ana

Ejecutando método de pago...
Pago exitoso del cliente Carlos
Procesando pago con tarjeta de María
Monto: $40000.0 - Tarjeta: ****1111

=== Procesando pago del cliente: Ana ===

=== Procesando pago del cliente: Pedro ===
Transacción aprobada.
Método: transferencia | Monto: $50000.0
Pago exitoso del cliente María
Método: efectivo | Monto: $100000.0

=== Procesando pago del cliente: María ===

Ejecutando método de pago...

Ejecutando método de pago...
Transferencia desde cuenta ACC-Ana a ACC-RESTAURANTE
Método: efectivo | Monto: $100000.0
Pago en efectivo recibido: $100000.0
Método: tarjeta | Monto: $40000.0
Pago completado. Cambio: $0.0 | Transacción #TX-1763140731672

Ejecutando método de pago...
Pago exitoso del cliente Pedro
Monto transferido: $50000.0 | Fecha: Fri Nov 14 12:18:51 COT 2025
Pago en efectivo recibido: $100000.0

Ejecutando método de pago...
Transferencia completada. ID Transacción: TRX-1763140731672

HISTORIAL DE PAGOS:
Pago completado. Cambio: $0.0 | Transacción #TX-1763140731672
Procesando pago con tarjeta de María
Pago exitoso del cliente Ana
Pago exitoso del cliente Pedro

=== Procesando pago del cliente: María ===
Lucía - TARJETA - $30000,00 → APROBADO 
Monto: $40000.0 - Tarjeta: ****1111
Lucía - TARJETA - $30000,00 → APROBADO 
Método: tarjeta | Monto: $40000.0
Transacción aprobada.
Carlos - EFECTIVO - $15000,00 → APROBADO 

Ejecutando método de pago...

=== Procesando pago del cliente: María ===

=== Procesando pago del cliente: Pedro ===
Procesando pago con tarjeta de María
Pago exitoso del cliente María

Simulación de pagos automáticos iniciada...
Método: tarjeta | Monto: $40000.0
Monto: $40000.0 - Tarjeta: ****1111
Método: efectivo | Monto: $100000.0

Ejecutando método de pago...

=== Procesando pago del cliente: Lucía ===
Transacción aprobada.

Ejecutando método de pago...
Procesando pago con tarjeta de María
Pago exitoso del cliente María
Método: tarjeta | Monto: $30000.0
Pago en efectivo recibido: $100000.0
Monto: $40000.0 - Tarjeta: ****1111

Ejecutando método de pago...
Transacción aprobada.
Pago completado. Cambio: $0.0 | Transacción #TX-1763140731673
Procesando pago con tarjeta de Lucía

HISTORIAL DE PAGOS:
Pago exitoso del cliente María
Pago exitoso del cliente Pedro

HISTORIAL DE PAGOS:
Monto: $30000.0 - Tarjeta: ****1111
Lucía - TARJETA - $30000,00 → APROBADO 
Lucía - TARJETA - $30000,00 → APROBADO 
Lucía - TARJETA - $30000,00 → APROBADO 
Lucía - TARJETA - $30000,00 → APROBADO 

HISTORIAL DE PAGOS:

=== Procesando pago del cliente: María ===

=== Procesando pago del cliente: Pedro ===
Lucía - TARJETA - $30000,00 → APROBADO 
Método: tarjeta | Monto: $40000.0

Simulación de pagos automáticos iniciada...
Lucía - TARJETA - $30000,00 → APROBADO 
Método: efectivo | Monto: $100000.0

=== Procesando pago del cliente: Lucía ===
Carlos - EFECTIVO - $15000,00 → APROBADO 

Simulación de pagos automáticos iniciada...

Ejecutando método de pago...
Lucía - TARJETA - $30000,00 → APROBADO 

Ejecutando método de pago...
Procesando pago con tarjeta de María
Método: tarjeta | Monto: $30000.0
Carlos - EFECTIVO - $15000,00 → APROBADO 

Ejecutando método de pago...
Pago en efectivo recibido: $100000.0
Monto: $40000.0 - Tarjeta: ****1111
Lucía - TARJETA - $30000,00 → APROBADO 

=== Procesando pago del cliente: Lucía ===
Procesando pago con tarjeta de Lucía
Transacción aprobada.
Lucía - TARJETA - $30000,00 → APROBADO 
Pago completado. Cambio: $0.0 | Transacción #TX-1763140731673
Monto: $30000.0 - Tarjeta: ****1111
Carlos - EFECTIVO - $15000,00 → APROBADO 
Pago exitoso del cliente María
Pago exitoso del cliente Pedro
Transacción aprobada.
Método: tarjeta | Monto: $30000.0
Carlos - EFECTIVO - $15000,00 → APROBADO 
Transacción aprobada.
Pago exitoso del cliente Lucía
Lucía - TARJETA - $30000,00 → APROBADO 

Ejecutando método de pago...
Ana - TRANSFERENCIA - $50000,00 → APROBADO 
Procesando pago con tarjeta de Lucía

HISTORIAL DE PAGOS:
Pago exitoso del cliente Lucía

=== Procesando pago del cliente: María ===
Lucía - TARJETA - $30000,00 → APROBADO 

=== Procesando pago del cliente: Carlos ===
Monto: $30000.0 - Tarjeta: ****1111

=== Procesando pago del cliente: Carlos ===
Transacción aprobada.
Método: efectivo | Monto: $15000.0
Pago exitoso del cliente Lucía

Ejecutando método de pago...
Método: efectivo | Monto: $15000.0
Pago en efectivo recibido: $15000.0
Pago completado. Cambio: $0.0 | Transacción #TX-1763140731674

Ejecutando método de pago...
Pago exitoso del cliente Carlos

=== Procesando pago del cliente: Carlos ===
Pago en efectivo recibido: $15000.0
Método: efectivo | Monto: $15000.0

Ejecutando método de pago...

=== Procesando pago del cliente: Ana ===
Pago completado. Cambio: $0.0 | Transacción #TX-1763140731674
Método: transferencia | Monto: $50000.0

Ejecutando método de pago...
Pago exitoso del cliente Carlos
Método: tarjeta | Monto: $40000.0
Transferencia desde cuenta ACC-Ana a ACC-RESTAURANTE

Ejecutando método de pago...
Pago en efectivo recibido: $15000.0
Procesando pago con tarjeta de María
Pago completado. Cambio: $0.0 | Transacción #TX-1763140731674
Monto: $40000.0 - Tarjeta: ****1111
Monto transferido: $50000.0 | Fecha: Fri Nov 14 12:18:51 COT 2025
Transacción aprobada.

=== Procesando pago del cliente: Ana ===
Transferencia completada. ID Transacción: TRX-1763140731674
Pago exitoso del cliente Carlos
Pago exitoso del cliente Ana
Método: transferencia | Monto: $50000.0
Pago exitoso del cliente María

Ejecutando método de pago...

=== Procesando pago del cliente: Ana ===

=== Procesando pago del cliente: Pedro ===
Transferencia desde cuenta ACC-Ana a ACC-RESTAURANTE

HISTORIAL DE PAGOS:
Método: transferencia | Monto: $50000.0
Método: efectivo | Monto: $100000.0
Lucía - TARJETA - $30000,00 → APROBADO 
Monto transferido: $50000.0 | Fecha: Fri Nov 14 12:18:51 COT 2025
Lucía - TARJETA - $30000,00 → APROBADO 

Ejecutando método de pago...

Ejecutando método de pago...
Transferencia completada. ID Transacción: TRX-1763140731675
Carlos - EFECTIVO - $15000,00 → APROBADO 
Transferencia desde cuenta ACC-Ana a ACC-RESTAURANTE
Pago en efectivo recibido: $100000.0
Pago exitoso del cliente Ana
Lucía - TARJETA - $30000,00 → APROBADO 
Pago completado. Cambio: $0.0 | Transacción #TX-1763140731675
Carlos - EFECTIVO - $15000,00 → APROBADO 
Monto transferido: $50000.0 | Fecha: Fri Nov 14 12:18:51 COT 2025
Lucía - TARJETA - $30000,00 → APROBADO 
Pago exitoso del cliente Pedro
Transferencia completada. ID Transacción: TRX-1763140731675
Lucía - TARJETA - $30000,00 → APROBADO 
Pago exitoso del cliente Ana

=== Procesando pago del cliente: Pedro ===
Método: efectivo | Monto: $100000.0

=== Procesando pago del cliente: María ===

=== Procesando pago del cliente: Pedro ===
Método: tarjeta | Monto: $40000.0

Ejecutando método de pago...
Método: efectivo | Monto: $100000.0

Ejecutando método de pago...
Procesando pago con tarjeta de María

Ejecutando método de pago...
Pago en efectivo recibido: $100000.0
Pago en efectivo recibido: $100000.0
Pago completado. Cambio: $0.0 | Transacción #TX-1763140731675
Monto: $40000.0 - Tarjeta: ****1111
Pago completado. Cambio: $0.0 | Transacción #TX-1763140731675
Pago exitoso del cliente Pedro
Transacción aprobada.
Pago exitoso del cliente Pedro
Pago exitoso del cliente María

=== Procesando pago del cliente: María ===

=== Procesando pago del cliente: María ===
Método: tarjeta | Monto: $40000.0
Método: tarjeta | Monto: $40000.0

HISTORIAL DE PAGOS:

Ejecutando método de pago...
Lucía - TARJETA - $30000,00 → APROBADO 
Procesando pago con tarjeta de María
Lucía - TARJETA - $30000,00 → APROBADO 

Ejecutando método de pago...
Carlos - EFECTIVO - $15000,00 → APROBADO 
Monto: $40000.0 - Tarjeta: ****1111
Lucía - TARJETA - $30000,00 → APROBADO 
Transacción aprobada.
Procesando pago con tarjeta de María
Pago exitoso del cliente María
Carlos - EFECTIVO - $15000,00 → APROBADO 
Lucía - TARJETA - $30000,00 → APROBADO 

HISTORIAL DE PAGOS:
Lucía - TARJETA - $30000,00 → APROBADO 
Lucía - TARJETA - $30000,00 → APROBADO 
Monto: $40000.0 - Tarjeta: ****1111
Transacción aprobada.
Lucía - TARJETA - $30000,00 → APROBADO 
Pago exitoso del cliente María
Carlos - EFECTIVO - $15000,00 → APROBADO 

HISTORIAL DE PAGOS:
Lucía - TARJETA - $30000,00 → APROBADO 
Lucía - TARJETA - $30000,00 → APROBADO 
Carlos - EFECTIVO - $15000,00 → APROBADO 
Lucía - TARJETA - $30000,00 → APROBADO 
Lucía - TARJETA - $30000,00 → APROBADO 
Carlos - EFECTIVO - $15000,00 → APROBADO 
Lucía - TARJETA - $30000,00 → APROBADO 
Lucía - TARJETA - $30000,00 → APROBADO 
Carlos - EFECTIVO - $15000,00 → APROBADO 
Carlos - EFECTIVO - $15000,00 → APROBADO 
Lucía - TARJETA - $30000,00 → APROBADO 
Ana - TRANSFERENCIA - $50000,00 → APROBADO 
Pedro - EFECTIVO - $100000,00 → APROBADO 
Ana - TRANSFERENCIA - $50000,00 → APROBADO 
María - TARJETA - $40000,00 → APROBADO 
Ana - TRANSFERENCIA - $50000,00 → APROBADO 
Carlos - EFECTIVO - $15000,00 → APROBADO 
Ana - TRANSFERENCIA - $50000,00 → APROBADO 
Pedro - EFECTIVO - $100000,00 → APROBADO 
Carlos - EFECTIVO - $15000,00 → APROBADO 
Lucía - TARJETA - $30000,00 → APROBADO 
Carlos - EFECTIVO - $15000,00 → APROBADO 
Ana - TRANSFERENCIA - $50000,00 → APROBADO 
Pedro - EFECTIVO - $100000,00 → APROBADO 
María - TARJETA - $40000,00 → APROBADO 
Pedro - EFECTIVO - $100000,00 → APROBADO 
Pedro - EFECTIVO - $100000,00 → APROBADO 
María - TARJETA - $40000,00 → APROBADO 
María - TARJETA - $40000,00 → APROBADO 
María - TARJETA - $40000,00 → APROBADO 
Pedro - EFECTIVO - $100000,00 → APROBADO 
Ana - TRANSFERENCIA - $50000,00 → APROBADO 
María - TARJETA - $40000,00 → APROBADO 
Pedro - EFECTIVO - $100000,00 → APROBADO 
Lucía - TARJETA - $30000,00 → APROBADO 
Lucía - TARJETA - $30000,00 → APROBADO 
Lucía - TARJETA - $30000,00 → APROBADO 
Carlos - EFECTIVO - $15000,00 → APROBADO 
Carlos - EFECTIVO - $15000,00 → APROBADO 
Carlos - EFECTIVO - $15000,00 → APROBADO 
Ana - TRANSFERENCIA - $50000,00 → APROBADO 
María - TARJETA - $40000,00 → APROBADO 
Ana - TRANSFERENCIA - $50000,00 → APROBADO 
Pedro - EFECTIVO - $100000,00 → APROBADO 
Ana - TRANSFERENCIA - $50000,00 → APROBADO 
Pedro - EFECTIVO - $100000,00 → APROBADO 
Pedro - EFECTIVO - $100000,00 → APROBADO 
María - TARJETA - $40000,00 → APROBADO 
María - TARJETA - $40000,00 → APROBADO 
María - TARJETA - $40000,00 → APROBADO 
]]></system-out>
  </testcase>
</testsuite>