<?xml version="1.0" encoding="UTF-8"?>
<testsuite xmlns:xsi="http://www.w3.org/2001/XMLSchema-instance" xsi:noNamespaceSchemaLocation="https://maven.apache.org/surefire/maven-failsafe-plugin/xsd/failsafe-test-report.xsd" version="3.0.2" name="e2e.ConsoleMainE2ETest" time="0.358" tests="8" errors="0" skipped="0" failures="0">
  <properties>
[...]
</properties>
  <testcase name="commandConsoleShouldExitQuickly" classname="e2e.ConsoleMainE2ETest" time="0.019">
    <system-out><![CDATA[
=== SISTEMA DE COMANDOS DE PEDIDOS ===
1. Registrar pedido
2. Cancelar pedido
3. Procesar pago
4. Ver estado del sistema
5. Salir
Opción: Cierre del sistema de comandos.
]]></system-out>
  </testcase>
  <testcase name="proxyConsoleAndChainConsoleShouldRun" classname="e2e.ConsoleMainE2ETest" time="0.221">
    <system-out><![CDATA[=== PATRÓN PROXY - SISTEMA DE PEDIDOS===
La cliente Lucía solicita el plato: Bandeja paisa
la Mesera Laura pasa la orden a la cocina.
El chef Pedro está preparando la orden Bandeja paisa (especialidad: Comida típica)
El chef avisa que la orden de Bandeja paisa está lista.
la Mesera Laura entrega el plato: Bandeja paisa
=== PATRÓN CHAIN OF RESPONSIBILITY - SISTEMA DE PEDIDOS ===

Cliente Carlos hace una solicitud: ORDER -> Una bandeja paisa
Mesero Laura (zona Zona A) toma la orden: Una bandeja paisa

Cliente Carlos hace una solicitud: COOK -> Preparar la bandeja paisa
Mesero Laura no puede manejar 'cook', pasa al siguiente...
Chef Andrés (especialidad: Comida típica) prepara: Preparar la bandeja paisa

Cliente Carlos hace una solicitud: ADMIN -> Registrar queja del cliente
Mesero Laura no puede manejar 'admin', pasa al siguiente...
Chef Andrés no puede manejar 'admin', pasa al siguiente...
Administrador Lucía (turno: Tarde) maneja solicitud: Registrar queja del cliente
]]></system-out>
  </testcase>
  <testcase name="adapterConsoleShouldExitQuickly" classname="e2e.ConsoleMainE2ETest" time="0.006">
    <system-out><![CDATA[=== PATRÓN ADAPTER - SISTEMA DE PAGOS ===

--- MENÚ PRINCIPAL ---
1. Realizar pago
2. Ver historial de pagos
3. Simular múltiples pagos (automático)
4. Salir
Seleccione una opción: Saliendo del sistema de pagos...
]]></system-out>
  </testcase>
  <testcase name="builderConsoleShouldExitQuickly" classname="e2e.ConsoleMainE2ETest" time="0.005">
    <system-out><![CDATA[
=== SISTEMA DE COCINA (Builder) ===
1. Menú del día
2. Menú vegetariano
3. Menú gourmet
4. Salir
Opción: Cierre del sistema de cocina.
]]></system-out>
  </testcase>
  <testcase name="factoryConsoleShouldExitQuickly" classname="e2e.ConsoleMainE2ETest" time="0.036">
    <system-out><![CDATA[
=== Sistema de Pedidos (Factory Method) ===
1. Pedido en mesa
2. Pedido a domicilio
3. Pedido para llevar
4. Salir
Seleccione una opción: Saliendo del sistema de pedidos...
]]></system-out>
  </testcase>
  <testcase name="observerConsoleShouldExitQuickly" classname="e2e.ConsoleMainE2ETest" time="0.014">
    <system-out><![CDATA[=== SISTEMA DE NOTIFICACIONES DE PEDIDOS (Observer) ===

Estado actual: Nuevo
1. Marcar como 'En preparación'
2. Marcar como 'Listo'
3. Marcar como 'Entregado'
4. Salir
Opción: Saliendo del sistema Observer...
]]></system-out>
  </testcase>
  <testcase name="inventoryConsoleShouldExitQuickly" classname="e2e.ConsoleMainE2ETest" time="0.011">
    <system-out><![CDATA[
=== SISTEMA DE INVENTARIO (Singleton sin Map) ===
1. Ver inventario
2. Agregar producto
3. Retirar producto (cocina)
4. Salir
Opción: Saliendo del sistema...
]]></system-out>
  </testcase>
  <testcase name="stateConsoleShouldRunAndExit" classname="e2e.ConsoleMainE2ETest" time="0.03">
    <system-out><![CDATA[=== SISTEMA DE ESTADOS DE PEDIDOS (State) ===

Ingrese el ID del pedido: Ingrese la descripción del pedido: 
Pedido creado: Pedido #1 [TestDesc] - Estado: Nuevo

Presione ENTER para avanzar al siguiente estado...
Pedido #1 [TestDesc] - Estado: Preparando

Presione ENTER para avanzar al siguiente estado...
Pedido #1 [TestDesc] - Estado: Listo para servir

Presione ENTER para avanzar al siguiente estado...
Pedido #1 [TestDesc] - Estado: Entregado

Presione ENTER para avanzar al siguiente estado...
Pedido #1 [TestDesc] - Estado: Cerrado
El pedido ha sido cerrado correctamente.

¿Desea gestionar otro pedido? (si/no): 
Saliendo del sistema de estados...
]]></system-out>
  </testcase>
</testsuite>