<?xml version="1.0" encoding="UTF-8"?>
<testsuite xmlns:xsi="http://www.w3.org/2001/XMLSchema-instance" xsi:noNamespaceSchemaLocation="https://maven.apache.org/surefire/maven-surefire-plugin/xsd/surefire-test-report.xsd" version="3.0.2" name="Junit.Singleton.InventoryUnitTest" time="0.096" tests="19" errors="0" skipped="0" failures="0">
  <properties>
[...]
</properties>
  <testcase name="shouldUpdateRestaurantNameCorrectly" classname="Junit.Singleton.InventoryUnitTest" time="0.003"/>
  <testcase name="shouldUpdateMinimumLevelCorrectly" classname="Junit.Singleton.InventoryUnitTest" time="0.001"/>
  <testcase name="kitchenShouldFailToRequestInsufficientIngredient" classname="Junit.Singleton.InventoryUnitTest" time="0.006">
    <system-out><![CDATA[No hay suficiente NoExiste en inventario.
]]></system-out>
  </testcase>
  <testcase name="singletonInstanceShouldBeUnique" classname="Junit.Singleton.InventoryUnitTest" time="0.003"/>
  <testcase name="administratorAndKitchenCoordination" classname="Junit.Singleton.InventoryUnitTest" time="0.018">
    <system-out><![CDATA[Administrador Gerente agregó 50 unidades de Pescado
Jefe Cocina tomó 20 unidades de Pescado
]]></system-out>
  </testcase>
  <testcase name="shouldRegisterNewProductCorrectly" classname="Junit.Singleton.InventoryUnitTest" time="0.003"/>
  <testcase name="administratorShouldReviewInventory" classname="Junit.Singleton.InventoryUnitTest" time="0.006">
    <system-out><![CDATA[Administrador Carlos revisa el inventario de Nuevo Nombre

=== INVENTARIO ===
Arroz - 50 unidades
Aceite - 20 unidades
Leche - 30 unidades
Pescado - 30 unidades
Galletas - 25 unidades
]]></system-out>
  </testcase>
  <testcase name="multipleKitchensAccessingSingleInventory" classname="Junit.Singleton.InventoryUnitTest" time="0.003">
    <system-out><![CDATA[Chef 1 tomó 30 unidades de Pollo
Chef 2 tomó 40 unidades de Pollo
]]></system-out>
  </testcase>
  <testcase name="shouldRegisterExitReturnFalseForNonExistentProduct" classname="Junit.Singleton.InventoryUnitTest" time="0.003"/>
  <testcase name="shouldUpdateProductoInventarioCantidad" classname="Junit.Singleton.InventoryUnitTest" time="0.001"/>
  <testcase name="shouldHandleProductoInventarioCorrectly" classname="Junit.Singleton.InventoryUnitTest" time="0.001"/>
  <testcase name="shouldRegisterExitWithExactQuantity" classname="Junit.Singleton.InventoryUnitTest" time="0.004"/>
  <testcase name="shouldRegisterExitReturnFalseForInsufficientQuantity" classname="Junit.Singleton.InventoryUnitTest" time="0.002"/>
  <testcase name="shouldRegisterMultipleEntriesAndExits" classname="Junit.Singleton.InventoryUnitTest" time="0.006"/>
  <testcase name="kitchenShouldRequestIngredientSuccessfully" classname="Junit.Singleton.InventoryUnitTest" time="0.003">
    <system-out><![CDATA[Marco tomó 10 unidades de Tomate
]]></system-out>
  </testcase>
  <testcase name="kitchenMultipleRequests" classname="Junit.Singleton.InventoryUnitTest" time="0.004">
    <system-out><![CDATA[Chef Principal tomó 20 unidades de Harina
Chef Principal tomó 15 unidades de Harina
Chef Principal tomó 25 unidades de Harina
]]></system-out>
  </testcase>
  <testcase name="shouldGetAllProductsCorrectly" classname="Junit.Singleton.InventoryUnitTest" time="0.003"/>
  <testcase name="administratorShouldAddStock" classname="Junit.Singleton.InventoryUnitTest" time="0.003">
    <system-out><![CDATA[Administrador Luis agregó 30 unidades de Carne
]]></system-out>
  </testcase>
  <testcase name="shouldRegisterEntryAndExitCorrectly" classname="Junit.Singleton.InventoryUnitTest" time="0.001"/>
</testsuite>