<?xml version="1.0" encoding="UTF-8"?>
<testsuite xmlns:xsi="http://www.w3.org/2001/XMLSchema-instance" xsi:noNamespaceSchemaLocation="https://maven.apache.org/surefire/maven-surefire-plugin/xsd/surefire-test-report.xsd" version="3.0.2" name="Junit.Proxy.ProxyUnitTest" time="2.197" tests="16" errors="0" skipped="0" failures="0">
  <properties>
[...]
</properties>
  <testcase name="waiterTakesOrderAndClientRequests" classname="Junit.Proxy.ProxyUnitTest" time="0.226">
    <system-out><![CDATA[La cliente Lucía solicita el plato: Sushi
la Mesera Carlos pasa la orden a la cocina.
El chef Andrés está preparando la orden Sushi (especialidad: Pasta)
El chef avisa que la orden de Sushi está lista.
la Mesera Carlos entrega el plato: Sushi
 la Mesera Carlos toma el pedido: Sushi
la Mesera Carlos pasa la orden a la cocina.
El chef Andrés está preparando la orden Sushi (especialidad: Pasta)
El chef avisa que la orden de Sushi está lista.
la Mesera Carlos entrega el plato: Sushi
]]></system-out>
  </testcase>
  <testcase name="clientDebeSolicitarPlato" classname="Junit.Proxy.ProxyUnitTest" time="0.107">
    <system-out><![CDATA[La cliente Lucía solicita el plato: Tiramisú
la Mesera Carlos pasa la orden a la cocina.
El chef Andrés está preparando la orden Tiramisú (especialidad: Pasta)
El chef avisa que la orden de Tiramisú está lista.
la Mesera Carlos entrega el plato: Tiramisú
]]></system-out>
  </testcase>
  <testcase name="multipleClientsWithDifferentWaiters" classname="Junit.Proxy.ProxyUnitTest" time="0.217">
    <system-out><![CDATA[La cliente Lucía solicita el plato: Plato 1
la Mesera Carlos pasa la orden a la cocina.
El chef Andrés está preparando la orden Plato 1 (especialidad: Pasta)
El chef avisa que la orden de Plato 1 está lista.
la Mesera Carlos entrega el plato: Plato 1
La cliente Juan solicita el plato: Plato 2
la Mesera Carlos pasa la orden a la cocina.
El chef Andrés está preparando la orden Plato 2 (especialidad: Pasta)
El chef avisa que la orden de Plato 2 está lista.
la Mesera Carlos entrega el plato: Plato 2
]]></system-out>
  </testcase>
  <testcase name="kitchenSpecialty" classname="Junit.Proxy.ProxyUnitTest" time="0.217">
    <system-out><![CDATA[ la Mesera Ana toma el pedido: Sushi Premium
la Mesera Ana pasa la orden a la cocina.
El chef Marco está preparando la orden Sushi Premium (especialidad: Japonesa)
El chef avisa que la orden de Sushi Premium está lista.
la Mesera Ana entrega el plato: Sushi Premium
]]></system-out>
  </testcase>
  <testcase name="waiterDebeTomarYEntregarPedido" classname="Junit.Proxy.ProxyUnitTest" time="0.109">
    <system-out><![CDATA[ la Mesera Carlos toma el pedido: Spaghetti
la Mesera Carlos pasa la orden a la cocina.
El chef Andrés está preparando la orden Spaghetti (especialidad: Pasta)
El chef avisa que la orden de Spaghetti está lista.
la Mesera Carlos entrega el plato: Spaghetti
]]></system-out>
  </testcase>
  <testcase name="multipleOrdersSequence" classname="Junit.Proxy.ProxyUnitTest" time="0.327">
    <system-out><![CDATA[ la Mesera Carlos toma el pedido: Entrada
la Mesera Carlos pasa la orden a la cocina.
El chef Andrés está preparando la orden Entrada (especialidad: Pasta)
El chef avisa que la orden de Entrada está lista.
la Mesera Carlos entrega el plato: Entrada
 la Mesera Carlos toma el pedido: Plato Principal
la Mesera Carlos pasa la orden a la cocina.
El chef Andrés está preparando la orden Plato Principal (especialidad: Pasta)
El chef avisa que la orden de Plato Principal está lista.
la Mesera Carlos entrega el plato: Plato Principal
 la Mesera Carlos toma el pedido: Postre
la Mesera Carlos pasa la orden a la cocina.
El chef Andrés está preparando la orden Postre (especialidad: Pasta)
El chef avisa que la orden de Postre está lista.
la Mesera Carlos entrega el plato: Postre
]]></system-out>
  </testcase>
  <testcase name="multipleWaitersWithSameKitchen" classname="Junit.Proxy.ProxyUnitTest" time="0.22">
    <system-out><![CDATA[ la Mesera Carlos toma el pedido: Plato A
la Mesera Carlos pasa la orden a la cocina.
El chef Andrés está preparando la orden Plato A (especialidad: Pasta)
El chef avisa que la orden de Plato A está lista.
la Mesera Carlos entrega el plato: Plato A
 la Mesera Pedro toma el pedido: Plato B
la Mesera Pedro pasa la orden a la cocina.
El chef Andrés está preparando la orden Plato B (especialidad: Pasta)
El chef avisa que la orden de Plato B está lista.
la Mesera Pedro entrega el plato: Plato B
]]></system-out>
  </testcase>
  <testcase name="waiterSinPedidoDebeRetornarNull" classname="Junit.Proxy.ProxyUnitTest" time="0.002"/>
  <testcase name="clientShouldHaveName" classname="Junit.Proxy.ProxyUnitTest" time="0.001"/>
  <testcase name="kitchenPreparationMultipleTimes" classname="Junit.Proxy.ProxyUnitTest" time="0.001"/>
  <testcase name="clientAndWaiterInteraction" classname="Junit.Proxy.ProxyUnitTest" time="0.213">
    <system-out><![CDATA[La cliente Lucía solicita el plato: Postre
la Mesera Carlos pasa la orden a la cocina.
El chef Andrés está preparando la orden Postre (especialidad: Pasta)
El chef avisa que la orden de Postre está lista.
la Mesera Carlos entrega el plato: Postre
 la Mesera Carlos toma el pedido: Postre
la Mesera Carlos pasa la orden a la cocina.
El chef Andrés está preparando la orden Postre (especialidad: Pasta)
El chef avisa que la orden de Postre está lista.
la Mesera Carlos entrega el plato: Postre
]]></system-out>
  </testcase>
  <testcase name="kitchenPrepareAndServe" classname="Junit.Proxy.ProxyUnitTest" time="0.002"/>
  <testcase name="waiterDebeActualizarPedidoActual" classname="Junit.Proxy.ProxyUnitTest" time="0.211">
    <system-out><![CDATA[ la Mesera Carlos toma el pedido: César
la Mesera Carlos pasa la orden a la cocina.
El chef Andrés está preparando la orden César (especialidad: Pasta)
El chef avisa que la orden de César está lista.
la Mesera Carlos entrega el plato: César
 la Mesera Carlos toma el pedido: Griega
la Mesera Carlos pasa la orden a la cocina.
El chef Andrés está preparando la orden Griega (especialidad: Pasta)
El chef avisa que la orden de Griega está lista.
la Mesera Carlos entrega el plato: Griega
]]></system-out>
  </testcase>
  <testcase name="waiterShouldStoreDifferentOrders" classname="Junit.Proxy.ProxyUnitTest" time="0.326">
    <system-out><![CDATA[ la Mesera Carlos toma el pedido: Orden 1
la Mesera Carlos pasa la orden a la cocina.
El chef Andrés está preparando la orden Orden 1 (especialidad: Pasta)
El chef avisa que la orden de Orden 1 está lista.
la Mesera Carlos entrega el plato: Orden 1
 la Mesera Carlos toma el pedido: Orden 2
la Mesera Carlos pasa la orden a la cocina.
El chef Andrés está preparando la orden Orden 2 (especialidad: Pasta)
El chef avisa que la orden de Orden 2 está lista.
la Mesera Carlos entrega el plato: Orden 2
 la Mesera Carlos toma el pedido: Orden 3
la Mesera Carlos pasa la orden a la cocina.
El chef Andrés está preparando la orden Orden 3 (especialidad: Pasta)
El chef avisa que la orden de Orden 3 está lista.
la Mesera Carlos entrega el plato: Orden 3
]]></system-out>
  </testcase>
  <testcase name="kitchenDebePrepararPlatoCorrectamente" classname="Junit.Proxy.ProxyUnitTest" time="0.002"/>
  <testcase name="kitchenShouldPrepareMultipleDishes" classname="Junit.Proxy.ProxyUnitTest" time="0.001"/>
</testsuite>