<?xml version="1.0" encoding="UTF-8"?>
<testsuite xmlns:xsi="http://www.w3.org/2001/XMLSchema-instance" xsi:noNamespaceSchemaLocation="https://maven.apache.org/surefire/maven-surefire-plugin/xsd/surefire-test-report.xsd" version="3.0.2" name="Junit.Command.CommandUnitTest" time="0.231" tests="43" errors="0" skipped="0" failures="0">
  <properties>
[...]
</properties>
  <testcase name="testClientRequestCancel" classname="Junit.Command.CommandUnitTest" time="0.015">
    <system-out><![CDATA[Cliente Mariana solicita: registrar pedido
La Cajera Carlos Realiza la accion...
Pedido registrado: Lentejas
Cliente Mariana solicita: cancelar pedido
La Cajera Carlos Realiza la accion...
Pedido cancelado: Lentejas
]]></system-out>
  </testcase>
  <testcase name="testRegisterMultipleDifferentOrders" classname="Junit.Command.CommandUnitTest" time="0.003">
    <system-out><![CDATA[Pedido registrado: Café
Pedido registrado: Té
Pedido registrado: Jugo
]]></system-out>
  </testcase>
  <testcase name="testRegisterOrderDirectly" classname="Junit.Command.CommandUnitTest" time="0.002">
    <system-out><![CDATA[Pedido registrado: Arroz
]]></system-out>
  </testcase>
  <testcase name="testRegisterSameOrderTwice" classname="Junit.Command.CommandUnitTest" time="0.006">
    <system-out><![CDATA[Pedido registrado: Ensalada
Pedido registrado: Ensalada
]]></system-out>
  </testcase>
  <testcase name="testMultipleOrdersAndCancellations" classname="Junit.Command.CommandUnitTest" time="0.003">
    <system-out><![CDATA[Pedido registrado: Pizza
Pedido registrado: Pasta
Pedido cancelado: Pizza
]]></system-out>
  </testcase>
  <testcase name="testOrderSystemInitializeWithEmptyOrders" classname="Junit.Command.CommandUnitTest" time="0.002"/>
  <testcase name="testCashierReceivePaymentCommand" classname="Junit.Command.CommandUnitTest" time="0.006"/>
  <testcase name="testClientAndCashierInteraction" classname="Junit.Command.CommandUnitTest" time="0.005">
    <system-out><![CDATA[Cliente Valentina solicita: registrar pedido
La Cajera Hugo Realiza la accion...
Pedido registrado: Mofongo
La Cajera Hugo Realiza la accion...
Pedido registrado: Yuca
]]></system-out>
  </testcase>
  <testcase name="testCommandsCanBeExecutedInSequence" classname="Junit.Command.CommandUnitTest" time="0.003">
    <system-out><![CDATA[Pedido registrado: Pizza
Pedido registrado: Pasta
Pedido cancelado: Pizza
Pedido registrado: Ensalada
]]></system-out>
  </testcase>
  <testcase name="testCancelMultipleOrders" classname="Junit.Command.CommandUnitTest" time="0.003">
    <system-out><![CDATA[Pedido registrado: Orden1
Pedido registrado: Orden2
Pedido registrado: Orden3
Pedido cancelado: Orden1
Pedido cancelado: Orden2
]]></system-out>
  </testcase>
  <testcase name="testOrderSystem_registerOrderMultipleTimes" classname="Junit.Command.CommandUnitTest" time="0.004">
    <system-out><![CDATA[Pedido registrado: Tacos
Pedido registrado: Tacos
Pedido registrado: Tacos
]]></system-out>
  </testcase>
  <testcase name="testOrderSystem_cancelNonExistentOrder" classname="Junit.Command.CommandUnitTest" time="0.003">
    <system-out><![CDATA[No se encontró el pedido: NoExiste
]]></system-out>
  </testcase>
  <testcase name="testCashierGetName" classname="Junit.Command.CommandUnitTest" time="0.002"/>
  <testcase name="testRegisterAndCancelWithSpecialCharacters" classname="Junit.Command.CommandUnitTest" time="0.003">
    <system-out><![CDATA[Pedido registrado: Pizza & Bebida
Pedido cancelado: Pizza & Bebida
]]></system-out>
  </testcase>
  <testcase name="testCashierExecuteCommand" classname="Junit.Command.CommandUnitTest" time="0.002">
    <system-out><![CDATA[La Cajera María Realiza la accion...
Pedido registrado: Sopa
]]></system-out>
  </testcase>
  <testcase name="testGetActiveOrdersReturnsCorrectList" classname="Junit.Command.CommandUnitTest" time="0.002">
    <system-out><![CDATA[Pedido registrado: Orden A
Pedido registrado: Orden B
]]></system-out>
  </testcase>
  <testcase name="testCashierReceiveMultipleCommandTypes" classname="Junit.Command.CommandUnitTest" time="0.004"/>
  <testcase name="testRegisterOrderCommand_toString" classname="Junit.Command.CommandUnitTest" time="0.002">
    <system-out><![CDATA[Pedido registrado: Pescado
]]></system-out>
  </testcase>
  <testcase name="testCashierUnknownCommand" classname="Junit.Command.CommandUnitTest" time="0.003">
    <system-out><![CDATA[Comando desconocido
]]></system-out>
  </testcase>
  <testcase name="testClientConstructor" classname="Junit.Command.CommandUnitTest" time="0.002"/>
  <testcase name="testOrderSystem_processPayment" classname="Junit.Command.CommandUnitTest" time="0.004">
    <system-out><![CDATA[Pago procesado por $50000.0
]]></system-out>
  </testcase>
  <testcase name="testCashierWithUnknownCommand" classname="Junit.Command.CommandUnitTest" time="0.003">
    <system-out><![CDATA[Comando desconocido
]]></system-out>
  </testcase>
  <testcase name="testCancelOrderCommand_toString" classname="Junit.Command.CommandUnitTest" time="0.002">
    <system-out><![CDATA[Pedido registrado: Camarones
Pedido cancelado: Camarones
]]></system-out>
  </testcase>
  <testcase name="testCancelOrderDirectly" classname="Junit.Command.CommandUnitTest" time="0.009">
    <system-out><![CDATA[Pedido registrado: Pasta
Pedido cancelado: Pasta
]]></system-out>
  </testcase>
  <testcase name="testCashierReceiveCancelCommand" classname="Junit.Command.CommandUnitTest" time="0.005"/>
  <testcase name="testRegisterOrderCommand" classname="Junit.Command.CommandUnitTest" time="0.002">
    <system-out><![CDATA[Pedido registrado: Pizza
]]></system-out>
  </testcase>
  <testcase name="testCashierReceiveCommandAndGetCommand" classname="Junit.Command.CommandUnitTest" time="0.002"/>
  <testcase name="testProcessPaymentCommand_toString" classname="Junit.Command.CommandUnitTest" time="0.002">
    <system-out><![CDATA[Pago procesado por $30000.0
]]></system-out>
  </testcase>
  <testcase name="testCancelOrderCommand" classname="Junit.Command.CommandUnitTest" time="0.003">
    <system-out><![CDATA[Pedido registrado: Sopa
Pedido cancelado: Sopa
]]></system-out>
  </testcase>
  <testcase name="testMultipleCashiers" classname="Junit.Command.CommandUnitTest" time="0.003">
    <system-out><![CDATA[La Cajera María Realiza la accion...
Pedido registrado: Pizza
La Cajera Juan Realiza la accion...
Pedido registrado: Pasta
]]></system-out>
  </testcase>
  <testcase name="testProcessPaymentCommand" classname="Junit.Command.CommandUnitTest" time="0.002">
    <system-out><![CDATA[Pago procesado por $50000.0
]]></system-out>
  </testcase>
  <testcase name="testMultipleClientsMultipleCashiers" classname="Junit.Command.CommandUnitTest" time="0.002">
    <system-out><![CDATA[Cliente Ana solicita: registrar pedido
La Cajera Carla Realiza la accion...
Pedido registrado: Fajitas
Cliente Bruno solicita: registrar pedido
La Cajera David Realiza la accion...
Pedido registrado: Enchiladas
]]></system-out>
  </testcase>
  <testcase name="testCashierExecutePaymentCommand" classname="Junit.Command.CommandUnitTest" time="0.003">
    <system-out><![CDATA[Pedido registrado: Churrasco
La Cajera Gerardo Realiza la accion...
Pago procesado por $100000.0
]]></system-out>
  </testcase>
  <testcase name="testCashierReceiveRegisterCommand" classname="Junit.Command.CommandUnitTest" time="0.003"/>
  <testcase name="testClientRequestPayment" classname="Junit.Command.CommandUnitTest" time="0.002">
    <system-out><![CDATA[Cliente Edmundo solicita: registrar pedido
La Cajera Lucia Realiza la accion...
Pedido registrado: Arroz rojo
Cliente Edmundo solicita: pagar pedido
La Cajera Lucia Realiza la accion...
Pago procesado por $20000.0
]]></system-out>
  </testcase>
  <testcase name="testOrderSystem_getActiveOrdersIsNotNull" classname="Junit.Command.CommandUnitTest" time="0.002"/>
  <testcase name="testClientRequestMultipleActions" classname="Junit.Command.CommandUnitTest" time="0.002">
    <system-out><![CDATA[Cliente Roberto solicita: registrar pedido
La Cajera Beatriz Realiza la accion...
Pedido registrado: Arroz
Cliente Roberto solicita: registrar pedido
La Cajera Beatriz Realiza la accion...
Pedido registrado: Pollo
]]></system-out>
  </testcase>
  <testcase name="testCashierExecuteRegisterThenCancel" classname="Junit.Command.CommandUnitTest" time="0.002">
    <system-out><![CDATA[La Cajera Felipe Realiza la accion...
Pedido registrado: Ramen
La Cajera Felipe Realiza la accion...
Pedido cancelado: Ramen
]]></system-out>
  </testcase>
  <testcase name="testCashierExecuteCommandWithoutReceiving" classname="Junit.Command.CommandUnitTest" time="0.002">
    <system-out><![CDATA[No hay comando asignado.
]]></system-out>
  </testcase>
  <testcase name="testCashierSequenceOfCommands" classname="Junit.Command.CommandUnitTest" time="0.003">
    <system-out><![CDATA[La Cajera Juan Realiza la accion...
Pedido registrado: Entrada
La Cajera Juan Realiza la accion...
Pedido registrado: Plato Principal
La Cajera Juan Realiza la accion...
Pedido cancelado: Entrada
]]></system-out>
  </testcase>
  <testcase name="testCashierExecuteWithoutCommand" classname="Junit.Command.CommandUnitTest" time="0.002">
    <system-out><![CDATA[No hay comando asignado.
]]></system-out>
  </testcase>
  <testcase name="testCancelOrderThatDoesNotExist" classname="Junit.Command.CommandUnitTest" time="0.001">
    <system-out><![CDATA[No se encontró el pedido: Hamburguesa
]]></system-out>
  </testcase>
  <testcase name="testClientRequestAction" classname="Junit.Command.CommandUnitTest" time="0.021">
    <system-out><![CDATA[Cliente Patricia solicita: registrar pedido
La Cajera Antonia Realiza la accion...
Pedido registrado: Ceviche
]]></system-out>
  </testcase>
</testsuite>