<?xml version="1.0" encoding="UTF-8"?>
<testsuite xmlns:xsi="http://www.w3.org/2001/XMLSchema-instance" xsi:noNamespaceSchemaLocation="https://maven.apache.org/surefire/maven-surefire-plugin/xsd/surefire-test-report.xsd" version="3.0.2" name="Junit.Adapter.AdapterUnitTest" time="0.452" tests="47" errors="0" skipped="0" failures="0">
  <properties>
[...]
</properties>
  <testcase name="creditCardAdapterMultiplePayments" classname="Junit.Adapter.AdapterUnitTest" time="0.057">
    <system-out><![CDATA[
Ejecutando método de pago...
Procesando pago con tarjeta de Lucía
Monto: $100000.0 - Tarjeta: ****1111
Transacción aprobada.

Ejecutando método de pago...
Procesando pago con tarjeta de Lucía
Monto: $50000.0 - Tarjeta: ****1111
Transacción aprobada.

Ejecutando método de pago...
Procesando pago con tarjeta de Lucía
Monto: $25000.0 - Tarjeta: ****1111
Transacción aprobada.
]]></system-out>
  </testcase>
  <testcase name="clientConstructorAndPaymentIntegration" classname="Junit.Adapter.AdapterUnitTest" time="0.01">
    <system-out><![CDATA[
Cliente IntegrationTest inicia el pago...

Ejecutando método de pago...
Procesando pago con tarjeta de Integration
Monto: $50000.0 - Tarjeta: ****4444
Transacción aprobada.
]]></system-out>
  </testcase>
  <testcase name="adaptedPaymentMethodsExist" classname="Junit.Adapter.AdapterUnitTest" time="0.002"/>
  <testcase name="adapterPayMethodWithDifferentUserNames" classname="Junit.Adapter.AdapterUnitTest" time="0.06">
    <system-out><![CDATA[
=== Procesando pago del cliente: Usuario1 ===
Método: tarjeta | Monto: $10000.0

Ejecutando método de pago...
Procesando pago con tarjeta de Usuario1
Monto: $10000.0 - Tarjeta: ****1111
Transacción aprobada.
Pago exitoso del cliente Usuario1

=== Procesando pago del cliente: Usuario2 ===
Método: efectivo | Monto: $20000.0

Ejecutando método de pago...
Pago en efectivo recibido: $20000.0
Pago completado. Cambio: $0.0 | Transacción #TX-1763141750743
Pago exitoso del cliente Usuario2

=== Procesando pago del cliente: Usuario3 ===
Método: transferencia | Monto: $30000.0

Ejecutando método de pago...
Transferencia desde cuenta ACC-Usuario3 a ACC-RESTAURANTE
Monto transferido: $30000.0 | Fecha: Fri Nov 14 12:35:50 COT 2025
Transferencia completada. ID Transacción: TRX-1763141750754
Pago exitoso del cliente Usuario3
]]></system-out>
  </testcase>
  <testcase name="adapterPayMethodInvalidPaymentType" classname="Junit.Adapter.AdapterUnitTest" time="0.005">
    <system-out><![CDATA[
=== Procesando pago del cliente: User ===
Método: bitcoin | Monto: $50000.0
Método de pago no reconocido: bitcoin
Pago fallido para User
]]></system-out>
  </testcase>
  <testcase name="transferMethodConstructor" classname="Junit.Adapter.AdapterUnitTest" time="0.001"/>
  <testcase name="clientPaymentWithCreditAdapter" classname="Junit.Adapter.AdapterUnitTest" time="0.003">
    <system-out><![CDATA[
Cliente Fernando inicia el pago...

Ejecutando método de pago...
Procesando pago con tarjeta de Lucía
Monto: $25000.0 - Tarjeta: ****1111
Transacción aprobada.
]]></system-out>
  </testcase>
  <testcase name="adapterPayMethodWithAllPaymentTypes" classname="Junit.Adapter.AdapterUnitTest" time="0.004">
    <system-out><![CDATA[
=== Procesando pago del cliente: User ===
Método: tarjeta | Monto: $50000.0

Ejecutando método de pago...
Procesando pago con tarjeta de User
Monto: $50000.0 - Tarjeta: ****1111
Transacción aprobada.
Pago exitoso del cliente User

=== Procesando pago del cliente: User ===
Método: efectivo | Monto: $50000.0

Ejecutando método de pago...
Pago en efectivo recibido: $50000.0
Pago completado. Cambio: $0.0 | Transacción #TX-1763141750818
Pago exitoso del cliente User

=== Procesando pago del cliente: User ===
Método: transferencia | Monto: $50000.0

Ejecutando método de pago...
Transferencia desde cuenta ACC-User a ACC-RESTAURANTE
Monto transferido: $50000.0 | Fecha: Fri Nov 14 12:35:50 COT 2025
Transferencia completada. ID Transacción: TRX-1763141750818
Pago exitoso del cliente User
]]></system-out>
  </testcase>
  <testcase name="pagoConTarjetaDebeSerExitoso" classname="Junit.Adapter.AdapterUnitTest" time="0.003">
    <system-out><![CDATA[
Ejecutando método de pago...
Procesando pago con tarjeta de Lucía
Monto: $30000.0 - Tarjeta: ****1111
Transacción aprobada.
]]></system-out>
  </testcase>
  <testcase name="clientPaymentWithAdapter" classname="Junit.Adapter.AdapterUnitTest" time="0.005">
    <system-out><![CDATA[
Cliente Carlos inicia el pago...

Ejecutando método de pago...
Procesando pago con tarjeta de Lucía
Monto: $10000.0 - Tarjeta: ****1111
Transacción aprobada.
]]></system-out>
  </testcase>
  <testcase name="transferenciaConMontoCero" classname="Junit.Adapter.AdapterUnitTest" time="0.003">
    <system-out><![CDATA[Transferencia desde cuenta ACC-USER a ACC-REST
Monto transferido: $0.0 | Fecha: Fri Nov 14 12:35:50 COT 2025
Transferencia completada. ID Transacción: TRX-04
]]></system-out>
  </testcase>
  <testcase name="pagarConTarjetaYEfectivo" classname="Junit.Adapter.AdapterUnitTest" time="0.005">
    <system-out><![CDATA[
=== Procesando pago del cliente: Cliente ===
Método: tarjeta | Monto: $15000.0

Ejecutando método de pago...
Procesando pago con tarjeta de Cliente
Monto: $15000.0 - Tarjeta: ****1111
Transacción aprobada.
Pago exitoso del cliente Cliente

=== Procesando pago del cliente: Cliente ===
Método: efectivo | Monto: $15000.0

Ejecutando método de pago...
Pago en efectivo recibido: $15000.0
Pago completado. Cambio: $0.0 | Transacción #TX-1763141750842
Pago exitoso del cliente Cliente
]]></system-out>
  </testcase>
  <testcase name="creditCardAdapterLargePayments" classname="Junit.Adapter.AdapterUnitTest" time="0.004">
    <system-out><![CDATA[
Ejecutando método de pago...
Procesando pago con tarjeta de Lucía
Monto: $1000000.0 - Tarjeta: ****1111
Transacción aprobada.

Ejecutando método de pago...
Procesando pago con tarjeta de Lucía
Monto: $2000000.0 - Tarjeta: ****1111
Transacción aprobada.
]]></system-out>
  </testcase>
  <testcase name="cashMethodPayMultipleSequentialTransactions" classname="Junit.Adapter.AdapterUnitTest" time="0.005">
    <system-out><![CDATA[Pago en efectivo recibido: $150000.0
Pago completado. Cambio: $130000.0 | Transacción #TX-SEQ
Pago en efectivo recibido: $150000.0
Pago completado. Cambio: $120000.0 | Transacción #TX-SEQ
Pago en efectivo recibido: $150000.0
Pago completado. Cambio: $110000.0 | Transacción #TX-SEQ
Pago en efectivo recibido: $150000.0
Pago completado. Cambio: $140000.0 | Transacción #TX-SEQ
]]></system-out>
  </testcase>
  <testcase name="pagoEnEfectivoCeroDebeFallar" classname="Junit.Adapter.AdapterUnitTest" time="0.003">
    <system-out><![CDATA[Pago en efectivo recibido: $0.0
Fondos insuficientes. Faltan $1.0
]]></system-out>
  </testcase>
  <testcase name="creditCardAdapterExceedsLimit" classname="Junit.Adapter.AdapterUnitTest" time="0.002">
    <system-out><![CDATA[
Ejecutando método de pago...
Procesando pago con tarjeta de Lucía
Monto: $100000.0 - Tarjeta: ****1111
Transacción aprobada.
]]></system-out>
  </testcase>
  <testcase name="clientWithDifferentPaymentAmounts" classname="Junit.Adapter.AdapterUnitTest" time="0.004">
    <system-out><![CDATA[
Cliente Isabel inicia el pago...

Ejecutando método de pago...
Procesando pago con tarjeta de Lucía
Monto: $1000.0 - Tarjeta: ****1111
Transacción aprobada.

Cliente Isabel inicia el pago...

Ejecutando método de pago...
Procesando pago con tarjeta de Lucía
Monto: $10000.0 - Tarjeta: ****1111
Transacción aprobada.

Cliente Isabel inicia el pago...

Ejecutando método de pago...
Procesando pago con tarjeta de Lucía
Monto: $100000.0 - Tarjeta: ****1111
Transacción aprobada.

Cliente Isabel inicia el pago...

Ejecutando método de pago...
Procesando pago con tarjeta de Lucía
Monto: $500000.0 - Tarjeta: ****1111
Transacción aprobada.
]]></system-out>
  </testcase>
  <testcase name="cashAndTransferMethodsCoexist" classname="Junit.Adapter.AdapterUnitTest" time="0.004">
    <system-out><![CDATA[Pago en efectivo recibido: $100000.0
Pago completado. Cambio: $75000.0 | Transacción #TX-COEXIST
Transferencia desde cuenta ACC-A a ACC-B
Monto transferido: $100000.0 | Fecha: Fri Nov 14 12:35:50 COT 2025
Transferencia completada. ID Transacción: TRX-COEXIST
Pago en efectivo recibido: $100000.0
Pago completado. Cambio: $75000.0 | Transacción #TX-COEXIST
Transferencia desde cuenta ACC-A a ACC-B
Monto transferido: $100000.0 | Fecha: Fri Nov 14 12:35:50 COT 2025
Transferencia completada. ID Transacción: TRX-COEXIST
]]></system-out>
  </testcase>
  <testcase name="clientConstructorWithAdapter" classname="Junit.Adapter.AdapterUnitTest" time="0.005"/>
  <testcase name="pagoEnEfectivoDebeDarCambioCorrecto" classname="Junit.Adapter.AdapterUnitTest" time="0.003">
    <system-out><![CDATA[Pago en efectivo recibido: $50000.0
Pago completado. Cambio: $20000.0 | Transacción #TX-001
]]></system-out>
  </testcase>
  <testcase name="cashMethodConstructor" classname="Junit.Adapter.AdapterUnitTest" time="0.005"/>
  <testcase name="pagoEnEfectivoExacto" classname="Junit.Adapter.AdapterUnitTest" time="0.003">
    <system-out><![CDATA[Pago en efectivo recibido: $30000.0
Pago completado. Cambio: $0.0 | Transacción #TX-003
]]></system-out>
  </testcase>
  <testcase name="pagoEnEfectivoDebeFallarSiNoHayFondos" classname="Junit.Adapter.AdapterUnitTest" time="0.003">
    <system-out><![CDATA[Pago en efectivo recibido: $10000.0
Fondos insuficientes. Faltan $10000.0
]]></system-out>
  </testcase>
  <testcase name="transferMethodZeroAndNegativeValidation" classname="Junit.Adapter.AdapterUnitTest" time="0.002">
    <system-out><![CDATA[Transferencia desde cuenta ACC-Z a ACC-Z2
Monto transferido: $0.0 | Fecha: Fri Nov 14 12:35:50 COT 2025
Transferencia completada. ID Transacción: TRX-ZERO
Transferencia desde cuenta ACC-Z a ACC-Z2
Monto transferido: $0.0 | Fecha: Fri Nov 14 12:35:50 COT 2025
Transferencia completada. ID Transacción: TRX-ZERO
]]></system-out>
  </testcase>
  <testcase name="clientWithAdapterPaymentMultipleTimes" classname="Junit.Adapter.AdapterUnitTest" time="0.003">
    <system-out><![CDATA[
Cliente Cliente1 inicia el pago...

Ejecutando método de pago...
Procesando pago con tarjeta de Lucía
Monto: $20000.0 - Tarjeta: ****1111
Transacción aprobada.

Cliente Cliente1 inicia el pago...

Ejecutando método de pago...
Procesando pago con tarjeta de Lucía
Monto: $15000.0 - Tarjeta: ****1111
Transacción aprobada.

Cliente Cliente1 inicia el pago...

Ejecutando método de pago...
Procesando pago con tarjeta de Lucía
Monto: $10000.0 - Tarjeta: ****1111
Transacción aprobada.
]]></system-out>
  </testcase>
  <testcase name="cashMethodWithVariousAmounts" classname="Junit.Adapter.AdapterUnitTest" time="0.002">
    <system-out><![CDATA[Pago en efectivo recibido: $100000.0
Pago completado. Cambio: $70000.0 | Transacción #TX-005
Pago en efectivo recibido: $100000.0
Pago completado. Cambio: $80000.0 | Transacción #TX-005
Pago en efectivo recibido: $100000.0
Pago completado. Cambio: $50000.0 | Transacción #TX-005
]]></system-out>
  </testcase>
  <testcase name="metodoPagarDebeRetornarTrueParaTarjeta" classname="Junit.Adapter.AdapterUnitTest" time="0.002">
    <system-out><![CDATA[
=== Procesando pago del cliente: Lucía ===
Método: tarjeta | Monto: $15000.0

Ejecutando método de pago...
Procesando pago con tarjeta de Lucía
Monto: $15000.0 - Tarjeta: ****1111
Transacción aprobada.
Pago exitoso del cliente Lucía
]]></system-out>
  </testcase>
  <testcase name="pagarConTransferencia" classname="Junit.Adapter.AdapterUnitTest" time="0.005">
    <system-out><![CDATA[
=== Procesando pago del cliente: Cliente ===
Método: transferencia | Monto: $15000.0

Ejecutando método de pago...
Transferencia desde cuenta ACC-Cliente a ACC-RESTAURANTE
Monto transferido: $15000.0 | Fecha: Fri Nov 14 12:35:50 COT 2025
Transferencia completada. ID Transacción: TRX-1763141750924
Pago exitoso del cliente Cliente
]]></system-out>
  </testcase>
  <testcase name="cashMethodZeroAndNegativeValidation" classname="Junit.Adapter.AdapterUnitTest" time="0.005">
    <system-out><![CDATA[Pago en efectivo recibido: $0.0
Fondos insuficientes. Faltan $1.0
Pago en efectivo recibido: $0.0
Pago completado. Cambio: $0.0 | Transacción #TX-ZERO
]]></system-out>
  </testcase>
  <testcase name="cashMethodWithBoundaryAmounts" classname="Junit.Adapter.AdapterUnitTest" time="0.002">
    <system-out><![CDATA[Pago en efectivo recibido: $100000.0
Pago completado. Cambio: $0.0 | Transacción #TX-BOUND
]]></system-out>
  </testcase>
  <testcase name="adapterPayMethodAllPathsCovered" classname="Junit.Adapter.AdapterUnitTest" time="0.007">
    <system-out><![CDATA[
=== Procesando pago del cliente: Person1 ===
Método: tarjeta | Monto: $1000.0

Ejecutando método de pago...
Procesando pago con tarjeta de Person1
Monto: $1000.0 - Tarjeta: ****1111
Transacción aprobada.
Pago exitoso del cliente Person1

=== Procesando pago del cliente: Person2 ===
Método: efectivo | Monto: $2000.0

Ejecutando método de pago...
Pago en efectivo recibido: $2000.0
Pago completado. Cambio: $0.0 | Transacción #TX-1763141750940
Pago exitoso del cliente Person2

=== Procesando pago del cliente: Person3 ===
Método: transferencia | Monto: $3000.0

Ejecutando método de pago...
Transferencia desde cuenta ACC-Person3 a ACC-RESTAURANTE
Monto transferido: $3000.0 | Fecha: Fri Nov 14 12:35:50 COT 2025
Transferencia completada. ID Transacción: TRX-1763141750940
Pago exitoso del cliente Person3

=== Procesando pago del cliente: Person4 ===
Método: unknown | Monto: $4000.0
Método de pago no reconocido: unknown
Pago fallido para Person4
]]></system-out>
  </testcase>
  <testcase name="cashMethodInsuffientFundsMultipleTimes" classname="Junit.Adapter.AdapterUnitTest" time="0.004">
    <system-out><![CDATA[Pago en efectivo recibido: $5000.0
Pago completado. Cambio: $0.0 | Transacción #TX-INSUF
Pago en efectivo recibido: $5000.0
Pago completado. Cambio: $5000.0 | Transacción #TX-INSUF
]]></system-out>
  </testcase>
  <testcase name="transferMethodPayMultipleSequentialTransactions" classname="Junit.Adapter.AdapterUnitTest" time="0.004">
    <system-out><![CDATA[Transferencia desde cuenta ACC-1 a ACC-2
Monto transferido: $200000.0 | Fecha: Fri Nov 14 12:35:50 COT 2025
Transferencia completada. ID Transacción: TRX-SEQ
Transferencia desde cuenta ACC-1 a ACC-2
Monto transferido: $200000.0 | Fecha: Fri Nov 14 12:35:50 COT 2025
Transferencia completada. ID Transacción: TRX-SEQ
Transferencia desde cuenta ACC-1 a ACC-2
Monto transferido: $200000.0 | Fecha: Fri Nov 14 12:35:50 COT 2025
Transferencia completada. ID Transacción: TRX-SEQ
]]></system-out>
  </testcase>
  <testcase name="transferenciaConMontoExacto" classname="Junit.Adapter.AdapterUnitTest" time="0.004">
    <system-out><![CDATA[Transferencia desde cuenta ACC-USER a ACC-REST
Monto transferido: $50000.0 | Fecha: Fri Nov 14 12:35:50 COT 2025
Transferencia completada. ID Transacción: TRX-03
]]></system-out>
  </testcase>
  <testcase name="multipleClientsPaymentScenario" classname="Junit.Adapter.AdapterUnitTest" time="0.004">
    <system-out><![CDATA[
Cliente Ana inicia el pago...

Ejecutando método de pago...
Procesando pago con tarjeta de Lucía
Monto: $10000.0 - Tarjeta: ****1111
Transacción aprobada.

Cliente Bruno inicia el pago...

Ejecutando método de pago...
Procesando pago con tarjeta de Lucía
Monto: $20000.0 - Tarjeta: ****1111
Transacción aprobada.

Cliente Carmen inicia el pago...

Ejecutando método de pago...
Procesando pago con tarjeta de Lucía
Monto: $15000.0 - Tarjeta: ****1111
Transacción aprobada.
]]></system-out>
  </testcase>
  <testcase name="adapterPayMethodEdgeCaseZeroAmount" classname="Junit.Adapter.AdapterUnitTest" time="0.005">
    <system-out><![CDATA[
=== Procesando pago del cliente: User ===
Método: tarjeta | Monto: $0.0

Ejecutando método de pago...
Procesando pago con tarjeta de User
Monto: $0.0 - Tarjeta: ****1111
Transacción aprobada.
Pago exitoso del cliente User

=== Procesando pago del cliente: User ===
Método: efectivo | Monto: $0.0

Ejecutando método de pago...
Pago en efectivo recibido: $0.0
Pago completado. Cambio: $0.0 | Transacción #TX-1763141750972
Pago exitoso del cliente User
]]></system-out>
  </testcase>
  <testcase name="pagoConTarjetaDeMayorMonto" classname="Junit.Adapter.AdapterUnitTest" time="0.005">
    <system-out><![CDATA[
Ejecutando método de pago...
Procesando pago con tarjeta de Lucía
Monto: $50000.0 - Tarjeta: ****1111
Transacción aprobada.
]]></system-out>
  </testcase>
  <testcase name="transferMethodWithBoundaryAmounts" classname="Junit.Adapter.AdapterUnitTest" time="0.006">
    <system-out><![CDATA[Transferencia desde cuenta ACC-A a ACC-B
Monto transferido: $50000.0 | Fecha: Fri Nov 14 12:35:50 COT 2025
Transferencia completada. ID Transacción: TRX-BOUND
Transferencia desde cuenta ACC-A a ACC-B
Monto transferido: $50000.0 | Fecha: Fri Nov 14 12:35:50 COT 2025
Transferencia completada. ID Transacción: TRX-BOUND
]]></system-out>
  </testcase>
  <testcase name="transferMethodInsufficientFundsMultipleTimes" classname="Junit.Adapter.AdapterUnitTest" time="0.003">
    <system-out><![CDATA[Transferencia desde cuenta ACC-X a ACC-Y
Monto transferido: $15000.0 | Fecha: Fri Nov 14 12:35:50 COT 2025
Transferencia completada. ID Transacción: TRX-INSUF
Transferencia desde cuenta ACC-X a ACC-Y
Monto transferido: $15000.0 | Fecha: Fri Nov 14 12:35:50 COT 2025
Transferencia completada. ID Transacción: TRX-INSUF
]]></system-out>
  </testcase>
  <testcase name="clientNameIsStored" classname="Junit.Adapter.AdapterUnitTest" time="0.002"/>
  <testcase name="transferenciaDebeSerExitosaSiMontoNoSuperaTransferAmount" classname="Junit.Adapter.AdapterUnitTest" time="0.004">
    <system-out><![CDATA[Transferencia desde cuenta ACC-LUCIA a ACC-RESTAURANTE
Monto transferido: $40000.0 | Fecha: Fri Nov 14 12:35:51 COT 2025
Transferencia completada. ID Transacción: TRX-01
]]></system-out>
  </testcase>
  <testcase name="transferMethodWithVariousAmounts" classname="Junit.Adapter.AdapterUnitTest" time="0.006">
    <system-out><![CDATA[Transferencia desde cuenta ACC-A a ACC-B
Monto transferido: $100000.0 | Fecha: Fri Nov 14 12:35:51 COT 2025
Transferencia completada. ID Transacción: TRX-05
Transferencia desde cuenta ACC-A a ACC-B
Monto transferido: $100000.0 | Fecha: Fri Nov 14 12:35:51 COT 2025
Transferencia completada. ID Transacción: TRX-05
Transferencia desde cuenta ACC-A a ACC-B
Monto transferido: $100000.0 | Fecha: Fri Nov 14 12:35:51 COT 2025
Transferencia completada. ID Transacción: TRX-05
]]></system-out>
  </testcase>
  <testcase name="multipleClientsWithAdapters" classname="Junit.Adapter.AdapterUnitTest" time="0.002">
    <system-out><![CDATA[
Cliente Cliente1 inicia el pago...

Ejecutando método de pago...
Procesando pago con tarjeta de Cliente1
Monto: $20000.0 - Tarjeta: ****1111
Transacción aprobada.

Cliente Cliente2 inicia el pago...

Ejecutando método de pago...
Procesando pago con tarjeta de Cliente2
Monto: $25000.0 - Tarjeta: ****2222
Transacción aprobada.
]]></system-out>
  </testcase>
  <testcase name="transferenciaDebeFallarSiMontoExcedeTransferAmount" classname="Junit.Adapter.AdapterUnitTest" time="0.002">
    <system-out><![CDATA[Transferencia desde cuenta ACC-LUCIA a ACC-RESTAURANTE
Monto transferido: $20000.0 | Fecha: Fri Nov 14 12:35:51 COT 2025
Transferencia completada. ID Transacción: TRX-02
]]></system-out>
  </testcase>
  <testcase name="clientPaymentWithAdapterPayMethod" classname="Junit.Adapter.AdapterUnitTest" time="0.003">
    <system-out><![CDATA[
Cliente Juan inicia el pago...

Ejecutando método de pago...
Procesando pago con tarjeta de Lucía
Monto: $10000.0 - Tarjeta: ****1111
Transacción aprobada.
]]></system-out>
  </testcase>
  <testcase name="clientPaymentIsPersistent" classname="Junit.Adapter.AdapterUnitTest" time="0.002">
    <system-out><![CDATA[
Cliente David inicia el pago...

Ejecutando método de pago...
Procesando pago con tarjeta de Lucía
Monto: $10000.0 - Tarjeta: ****1111
Transacción aprobada.

Cliente David inicia el pago...

Ejecutando método de pago...
Procesando pago con tarjeta de Lucía
Monto: $10000.0 - Tarjeta: ****1111
Transacción aprobada.

Cliente David inicia el pago...

Ejecutando método de pago...
Procesando pago con tarjeta de Lucía
Monto: $10000.0 - Tarjeta: ****1111
Transacción aprobada.

Cliente David inicia el pago...

Ejecutando método de pago...
Procesando pago con tarjeta de Lucía
Monto: $10000.0 - Tarjeta: ****1111
Transacción aprobada.

Cliente David inicia el pago...

Ejecutando método de pago...
Procesando pago con tarjeta de Lucía
Monto: $10000.0 - Tarjeta: ****1111
Transacción aprobada.
]]></system-out>
  </testcase>
  <testcase name="adapterPayMethodConstructor" classname="Junit.Adapter.AdapterUnitTest" time="0.003"/>
</testsuite>